<?xml version="1.0" encoding="UTF-8"?>
<!-- Generated by org.testng.reporters.JUnitXMLReporter -->
<testsuite ignored="0" hostname="Parth" failures="1" tests="2" name="OrangeHRM Tests" time="3592.95" errors="0" timestamp="2026-06-06T18:37:11 IST">
  <testcase classname="tests.ExcelDrivenRunner" name="executeScenariosFromExcel" time="1779.855">
    <skipped/>
  </testcase> <!-- executeScenariosFromExcel -->
  <testcase classname="tests.ExcelDrivenRunner" name="executeScenariosFromExcel" time="1805.934">
    <failure type="java.lang.AssertionError" message="38 scenario(s) failed. Check execution logs.">
      <![CDATA[java.lang.AssertionError: 38 scenario(s) failed. Check execution logs.
at tests.ExcelDrivenRunner.executeScenariosFromExcel(ExcelDrivenRunner.java:259)
at java.base/java.util.ArrayList.forEach(ArrayList.java:1604)
... Removed 30 stack frames]]>
    </failure>
  </testcase> <!-- executeScenariosFromExcel -->
</testsuite> <!-- OrangeHRM Tests -->
