<?xml version="1.0" encoding="UTF-8"?>
<testsuite xmlns:xsi="http://www.w3.org/2001/XMLSchema-instance" xsi:noNamespaceSchemaLocation="https://maven.apache.org/surefire/maven-surefire-plugin/xsd/surefire-test-report.xsd" version="3.0.2" name="TestSuite" time="3594.215" tests="2" errors="0" skipped="1" failures="1">
  <properties>
[...]
</properties>
  <testcase name="executeScenariosFromExcel" classname="tests.ExcelDrivenRunner" time="0.0">
    <skipped message="38 scenario(s) failed. Check execution logs."/>
    <system-out><![CDATA[2026-06-06 17:37:17 [main] INFO  tests.ExcelDrivenRunner - =========================================
2026-06-06 17:37:17 [main] INFO  tests.ExcelDrivenRunner - Starting Test Execution
2026-06-06 17:37:18 [main] INFO  tests.ExcelDrivenRunner - Browser : chrome
2026-06-06 17:37:18 [main] INFO  tests.ExcelDrivenRunner - Framework Mode : excel
2026-06-06 17:37:21 [main] INFO  tests.ExcelDrivenRunner - Application URL Loaded : https://opensource-demo.orangehrmlive.com/web/index.php/auth/login
2026-06-06 17:37:21 [main] INFO  tests.ExcelDrivenRunner - Execution Priority : Low
2026-06-06 17:37:21 [main] INFO  tests.ExcelDrivenRunner - =========================================
2026-06-06 17:37:22 [main] INFO  tests.ExcelDrivenRunner - ========================================
2026-06-06 17:37:22 [main] INFO  tests.ExcelDrivenRunner - STARTING EXCEL EXECUTION
2026-06-06 17:37:22 [main] INFO  tests.ExcelDrivenRunner - ========================================
2026-06-06 17:37:22 [main] INFO  tests.ExcelDrivenRunner - Executable Scenarios : 40
2026-06-06 17:37:22 [main] INFO  tests.ExcelDrivenRunner - Executing Scenario : TS-LOGIN-001
2026-06-06 17:37:23 [main] INFO  tests.ExcelDrivenRunner - TS-LOGIN-001 PASSED
2026-06-06 17:37:23 [main] INFO  tests.ExcelDrivenRunner - Executing Scenario : TS-LOGIN-002
Visibility timeout. Attempt: 1
Visibility timeout. Attempt: 2
Visibility timeout. Attempt: 3
2026-06-06 17:38:10 [main] ERROR tests.ExcelDrivenRunner - TS-LOGIN-002 FAILED
java.lang.RuntimeException: Element not visible after 3 retries.
	at utils.WaitUtil.waitForVisibility(WaitUtil.java:80) ~[test-classes/:?]
	at utils.ElementActions.type(ElementActions.java:66) ~[test-classes/:?]
	at pages.LoginPage.enterUsername(LoginPage.java:43) ~[test-classes/:?]
	at pages.LoginPage.login(LoginPage.java:67) ~[test-classes/:?]
	at executor.LoginExecutor.executeInvalidLogin(LoginExecutor.java:50) ~[test-classes/:?]
	at executor.LoginExecutor.execute(LoginExecutor.java:22) ~[test-classes/:?]
	at executor.ScenarioExecutor.execute(ScenarioExecutor.java:11) ~[test-classes/:?]
	at tests.ExcelDrivenRunner.executeScenariosFromExcel(ExcelDrivenRunner.java:65) [test-classes/:?]
	at java.base/jdk.internal.reflect.DirectMethodHandleAccessor.invoke(DirectMethodHandleAccessor.java:104) ~[?:?]
	at java.base/java.lang.reflect.Method.invoke(Method.java:565) ~[?:?]
	at org.testng.internal.invokers.MethodInvocationHelper.invokeMethod(MethodInvocationHelper.java:141) [testng-7.11.0.jar:7.11.0]
	at org.testng.internal.invokers.TestInvoker.invokeMethod(TestInvoker.java:687) [testng-7.11.0.jar:7.11.0]
	at org.testng.internal.invokers.TestInvoker.invokeTestMethod(TestInvoker.java:230) [testng-7.11.0.jar:7.11.0]
	at org.testng.internal.invokers.MethodRunner.runInSequence(MethodRunner.java:63) [testng-7.11.0.jar:7.11.0]
	at org.testng.internal.invokers.TestInvoker$MethodInvocationAgent.invoke(TestInvoker.java:995) [testng-7.11.0.jar:7.11.0]
	at org.testng.internal.invokers.TestInvoker.invokeTestMethods(TestInvoker.java:203) [testng-7.11.0.jar:7.11.0]
	at org.testng.internal.invokers.TestMethodWorker.invokeTestMethods(TestMethodWorker.java:154) [testng-7.11.0.jar:7.11.0]
	at org.testng.internal.invokers.TestMethodWorker.run(TestMethodWorker.java:134) [testng-7.11.0.jar:7.11.0]
	at java.base/java.util.ArrayList.forEach(ArrayList.java:1604) [?:?]
	at org.testng.TestRunner.privateRun(TestRunner.java:741) [testng-7.11.0.jar:7.11.0]
	at org.testng.TestRunner.run(TestRunner.java:616) [testng-7.11.0.jar:7.11.0]
	at org.testng.SuiteRunner.runTest(SuiteRunner.java:421) [testng-7.11.0.jar:7.11.0]
	at org.testng.SuiteRunner.runSequentially(SuiteRunner.java:413) [testng-7.11.0.jar:7.11.0]
	at org.testng.SuiteRunner.privateRun(SuiteRunner.java:373) [testng-7.11.0.jar:7.11.0]
	at org.testng.SuiteRunner.run(SuiteRunner.java:312) [testng-7.11.0.jar:7.11.0]
	at org.testng.SuiteRunnerWorker.runSuite(SuiteRunnerWorker.java:52) [testng-7.11.0.jar:7.11.0]
	at org.testng.SuiteRunnerWorker.run(SuiteRunnerWorker.java:95) [testng-7.11.0.jar:7.11.0]
	at org.testng.TestNG.runSuitesSequentially(TestNG.java:1274) [testng-7.11.0.jar:7.11.0]
	at org.testng.TestNG.runSuitesLocally(TestNG.java:1208) [testng-7.11.0.jar:7.11.0]
	at org.testng.TestNG.runSuites(TestNG.java:1112) [testng-7.11.0.jar:7.11.0]
	at org.testng.TestNG.run(TestNG.java:1079) [testng-7.11.0.jar:7.11.0]
	at org.apache.maven.surefire.testng.TestNGExecutor.run(TestNGExecutor.java:308) [surefire-testng-3.5.3.jar:3.5.3]
	at org.apache.maven.surefire.testng.TestNGXmlTestSuite.execute(TestNGXmlTestSuite.java:71) [surefire-testng-3.5.3.jar:3.5.3]
	at org.apache.maven.surefire.testng.TestNGProvider.invoke(TestNGProvider.java:113) [surefire-testng-3.5.3.jar:3.5.3]
	at org.apache.maven.surefire.booter.ForkedBooter.runSuitesInProcess(ForkedBooter.java:385) [surefire-booter-3.5.3.jar:3.5.3]
	at org.apache.maven.surefire.booter.ForkedBooter.execute(ForkedBooter.java:162) [surefire-booter-3.5.3.jar:3.5.3]
	at org.apache.maven.surefire.booter.ForkedBooter.run(ForkedBooter.java:507) [surefire-booter-3.5.3.jar:3.5.3]
	at org.apache.maven.surefire.booter.ForkedBooter.main(ForkedBooter.java:495) [surefire-booter-3.5.3.jar:3.5.3]
2026-06-06 17:38:10 [main] INFO  tests.ExcelDrivenRunner - Executing Scenario : TS-LOGIN-003
Visibility timeout. Attempt: 1
Visibility timeout. Attempt: 2
Visibility timeout. Attempt: 3
2026-06-06 17:38:57 [main] ERROR tests.ExcelDrivenRunner - TS-LOGIN-003 FAILED
java.lang.RuntimeException: Element not visible after 3 retries.
	at utils.WaitUtil.waitForVisibility(WaitUtil.java:80) ~[test-classes/:?]
	at utils.ElementActions.type(ElementActions.java:66) ~[test-classes/:?]
	at pages.LoginPage.enterUsername(LoginPage.java:43) ~[test-classes/:?]
	at pages.LoginPage.login(LoginPage.java:67) ~[test-classes/:?]
	at executor.LoginExecutor.executeMandatoryFieldValidation(LoginExecutor.java:63) ~[test-classes/:?]
	at executor.LoginExecutor.execute(LoginExecutor.java:25) ~[test-classes/:?]
	at executor.ScenarioExecutor.execute(ScenarioExecutor.java:11) ~[test-classes/:?]
	at tests.ExcelDrivenRunner.executeScenariosFromExcel(ExcelDrivenRunner.java:65) [test-classes/:?]
	at java.base/jdk.internal.reflect.DirectMethodHandleAccessor.invoke(DirectMethodHandleAccessor.java:104) ~[?:?]
	at java.base/java.lang.reflect.Method.invoke(Method.java:565) ~[?:?]
	at org.testng.internal.invokers.MethodInvocationHelper.invokeMethod(MethodInvocationHelper.java:141) [testng-7.11.0.jar:7.11.0]
	at org.testng.internal.invokers.TestInvoker.invokeMethod(TestInvoker.java:687) [testng-7.11.0.jar:7.11.0]
	at org.testng.internal.invokers.TestInvoker.invokeTestMethod(TestInvoker.java:230) [testng-7.11.0.jar:7.11.0]
	at org.testng.internal.invokers.MethodRunner.runInSequence(MethodRunner.java:63) [testng-7.11.0.jar:7.11.0]
	at org.testng.internal.invokers.TestInvoker$MethodInvocationAgent.invoke(TestInvoker.java:995) [testng-7.11.0.jar:7.11.0]
	at org.testng.internal.invokers.TestInvoker.invokeTestMethods(TestInvoker.java:203) [testng-7.11.0.jar:7.11.0]
	at org.testng.internal.invokers.TestMethodWorker.invokeTestMethods(TestMethodWorker.java:154) [testng-7.11.0.jar:7.11.0]
	at org.testng.internal.invokers.TestMethodWorker.run(TestMethodWorker.java:134) [testng-7.11.0.jar:7.11.0]
	at java.base/java.util.ArrayList.forEach(ArrayList.java:1604) [?:?]
	at org.testng.TestRunner.privateRun(TestRunner.java:741) [testng-7.11.0.jar:7.11.0]
	at org.testng.TestRunner.run(TestRunner.java:616) [testng-7.11.0.jar:7.11.0]
	at org.testng.SuiteRunner.runTest(SuiteRunner.java:421) [testng-7.11.0.jar:7.11.0]
	at org.testng.SuiteRunner.runSequentially(SuiteRunner.java:413) [testng-7.11.0.jar:7.11.0]
	at org.testng.SuiteRunner.privateRun(SuiteRunner.java:373) [testng-7.11.0.jar:7.11.0]
	at org.testng.SuiteRunner.run(SuiteRunner.java:312) [testng-7.11.0.jar:7.11.0]
	at org.testng.SuiteRunnerWorker.runSuite(SuiteRunnerWorker.java:52) [testng-7.11.0.jar:7.11.0]
	at org.testng.SuiteRunnerWorker.run(SuiteRunnerWorker.java:95) [testng-7.11.0.jar:7.11.0]
	at org.testng.TestNG.runSuitesSequentially(TestNG.java:1274) [testng-7.11.0.jar:7.11.0]
	at org.testng.TestNG.runSuitesLocally(TestNG.java:1208) [testng-7.11.0.jar:7.11.0]
	at org.testng.TestNG.runSuites(TestNG.java:1112) [testng-7.11.0.jar:7.11.0]
	at org.testng.TestNG.run(TestNG.java:1079) [testng-7.11.0.jar:7.11.0]
	at org.apache.maven.surefire.testng.TestNGExecutor.run(TestNGExecutor.java:308) [surefire-testng-3.5.3.jar:3.5.3]
	at org.apache.maven.surefire.testng.TestNGXmlTestSuite.execute(TestNGXmlTestSuite.java:71) [surefire-testng-3.5.3.jar:3.5.3]
	at org.apache.maven.surefire.testng.TestNGProvider.invoke(TestNGProvider.java:113) [surefire-testng-3.5.3.jar:3.5.3]
	at org.apache.maven.surefire.booter.ForkedBooter.runSuitesInProcess(ForkedBooter.java:385) [surefire-booter-3.5.3.jar:3.5.3]
	at org.apache.maven.surefire.booter.ForkedBooter.execute(ForkedBooter.java:162) [surefire-booter-3.5.3.jar:3.5.3]
	at org.apache.maven.surefire.booter.ForkedBooter.run(ForkedBooter.java:507) [surefire-booter-3.5.3.jar:3.5.3]
	at org.apache.maven.surefire.booter.ForkedBooter.main(ForkedBooter.java:495) [surefire-booter-3.5.3.jar:3.5.3]
2026-06-06 17:38:57 [main] INFO  tests.ExcelDrivenRunner - Executing Scenario : TS-LOGIN-004
Visibility timeout. Attempt: 1
Visibility timeout. Attempt: 2
Visibility timeout. Attempt: 3
2026-06-06 17:39:45 [main] ERROR tests.ExcelDrivenRunner - TS-LOGIN-004 FAILED
java.lang.RuntimeException: Element not visible after 3 retries.
	at utils.WaitUtil.waitForVisibility(WaitUtil.java:80) ~[test-classes/:?]
	at utils.ElementActions.getAttribute(ElementActions.java:167) ~[test-classes/:?]
	at pages.LoginPage.isPasswordMasked(LoginPage.java:84) ~[test-classes/:?]
	at executor.LoginExecutor.executePasswordMaskValidation(LoginExecutor.java:78) ~[test-classes/:?]
	at executor.LoginExecutor.execute(LoginExecutor.java:28) ~[test-classes/:?]
	at executor.ScenarioExecutor.execute(ScenarioExecutor.java:11) ~[test-classes/:?]
	at tests.ExcelDrivenRunner.executeScenariosFromExcel(ExcelDrivenRunner.java:65) [test-classes/:?]
	at java.base/jdk.internal.reflect.DirectMethodHandleAccessor.invoke(DirectMethodHandleAccessor.java:104) ~[?:?]
	at java.base/java.lang.reflect.Method.invoke(Method.java:565) ~[?:?]
	at org.testng.internal.invokers.MethodInvocationHelper.invokeMethod(MethodInvocationHelper.java:141) [testng-7.11.0.jar:7.11.0]
	at org.testng.internal.invokers.TestInvoker.invokeMethod(TestInvoker.java:687) [testng-7.11.0.jar:7.11.0]
	at org.testng.internal.invokers.TestInvoker.invokeTestMethod(TestInvoker.java:230) [testng-7.11.0.jar:7.11.0]
	at org.testng.internal.invokers.MethodRunner.runInSequence(MethodRunner.java:63) [testng-7.11.0.jar:7.11.0]
	at org.testng.internal.invokers.TestInvoker$MethodInvocationAgent.invoke(TestInvoker.java:995) [testng-7.11.0.jar:7.11.0]
	at org.testng.internal.invokers.TestInvoker.invokeTestMethods(TestInvoker.java:203) [testng-7.11.0.jar:7.11.0]
	at org.testng.internal.invokers.TestMethodWorker.invokeTestMethods(TestMethodWorker.java:154) [testng-7.11.0.jar:7.11.0]
	at org.testng.internal.invokers.TestMethodWorker.run(TestMethodWorker.java:134) [testng-7.11.0.jar:7.11.0]
	at java.base/java.util.ArrayList.forEach(ArrayList.java:1604) [?:?]
	at org.testng.TestRunner.privateRun(TestRunner.java:741) [testng-7.11.0.jar:7.11.0]
	at org.testng.TestRunner.run(TestRunner.java:616) [testng-7.11.0.jar:7.11.0]
	at org.testng.SuiteRunner.runTest(SuiteRunner.java:421) [testng-7.11.0.jar:7.11.0]
	at org.testng.SuiteRunner.runSequentially(SuiteRunner.java:413) [testng-7.11.0.jar:7.11.0]
	at org.testng.SuiteRunner.privateRun(SuiteRunner.java:373) [testng-7.11.0.jar:7.11.0]
	at org.testng.SuiteRunner.run(SuiteRunner.java:312) [testng-7.11.0.jar:7.11.0]
	at org.testng.SuiteRunnerWorker.runSuite(SuiteRunnerWorker.java:52) [testng-7.11.0.jar:7.11.0]
	at org.testng.SuiteRunnerWorker.run(SuiteRunnerWorker.java:95) [testng-7.11.0.jar:7.11.0]
	at org.testng.TestNG.runSuitesSequentially(TestNG.java:1274) [testng-7.11.0.jar:7.11.0]
	at org.testng.TestNG.runSuitesLocally(TestNG.java:1208) [testng-7.11.0.jar:7.11.0]
	at org.testng.TestNG.runSuites(TestNG.java:1112) [testng-7.11.0.jar:7.11.0]
	at org.testng.TestNG.run(TestNG.java:1079) [testng-7.11.0.jar:7.11.0]
	at org.apache.maven.surefire.testng.TestNGExecutor.run(TestNGExecutor.java:308) [surefire-testng-3.5.3.jar:3.5.3]
	at org.apache.maven.surefire.testng.TestNGXmlTestSuite.execute(TestNGXmlTestSuite.java:71) [surefire-testng-3.5.3.jar:3.5.3]
	at org.apache.maven.surefire.testng.TestNGProvider.invoke(TestNGProvider.java:113) [surefire-testng-3.5.3.jar:3.5.3]
	at org.apache.maven.surefire.booter.ForkedBooter.runSuitesInProcess(ForkedBooter.java:385) [surefire-booter-3.5.3.jar:3.5.3]
	at org.apache.maven.surefire.booter.ForkedBooter.execute(ForkedBooter.java:162) [surefire-booter-3.5.3.jar:3.5.3]
	at org.apache.maven.surefire.booter.ForkedBooter.run(ForkedBooter.java:507) [surefire-booter-3.5.3.jar:3.5.3]
	at org.apache.maven.surefire.booter.ForkedBooter.main(ForkedBooter.java:495) [surefire-booter-3.5.3.jar:3.5.3]
2026-06-06 17:39:45 [main] INFO  tests.ExcelDrivenRunner - Executing Scenario : TS-LOGIN-005
Clickable timeout. Attempt: 1
Clickable timeout. Attempt: 2
Clickable timeout. Attempt: 3
2026-06-06 17:40:32 [main] ERROR tests.ExcelDrivenRunner - TS-LOGIN-005 FAILED
java.lang.RuntimeException: Element not clickable after 3 retries.
	at utils.WaitUtil.waitForClickable(WaitUtil.java:122) ~[test-classes/:?]
	at utils.ElementActions.click(ElementActions.java:24) ~[test-classes/:?]
	at pages.LoginPage.clickForgotPassword(LoginPage.java:96) ~[test-classes/:?]
	at executor.LoginExecutor.executeForgotPasswordFlow(LoginExecutor.java:86) ~[test-classes/:?]
	at executor.LoginExecutor.execute(LoginExecutor.java:31) ~[test-classes/:?]
	at executor.ScenarioExecutor.execute(ScenarioExecutor.java:11) ~[test-classes/:?]
	at tests.ExcelDrivenRunner.executeScenariosFromExcel(ExcelDrivenRunner.java:65) [test-classes/:?]
	at java.base/jdk.internal.reflect.DirectMethodHandleAccessor.invoke(DirectMethodHandleAccessor.java:104) ~[?:?]
	at java.base/java.lang.reflect.Method.invoke(Method.java:565) ~[?:?]
	at org.testng.internal.invokers.MethodInvocationHelper.invokeMethod(MethodInvocationHelper.java:141) [testng-7.11.0.jar:7.11.0]
	at org.testng.internal.invokers.TestInvoker.invokeMethod(TestInvoker.java:687) [testng-7.11.0.jar:7.11.0]
	at org.testng.internal.invokers.TestInvoker.invokeTestMethod(TestInvoker.java:230) [testng-7.11.0.jar:7.11.0]
	at org.testng.internal.invokers.MethodRunner.runInSequence(MethodRunner.java:63) [testng-7.11.0.jar:7.11.0]
	at org.testng.internal.invokers.TestInvoker$MethodInvocationAgent.invoke(TestInvoker.java:995) [testng-7.11.0.jar:7.11.0]
	at org.testng.internal.invokers.TestInvoker.invokeTestMethods(TestInvoker.java:203) [testng-7.11.0.jar:7.11.0]
	at org.testng.internal.invokers.TestMethodWorker.invokeTestMethods(TestMethodWorker.java:154) [testng-7.11.0.jar:7.11.0]
	at org.testng.internal.invokers.TestMethodWorker.run(TestMethodWorker.java:134) [testng-7.11.0.jar:7.11.0]
	at java.base/java.util.ArrayList.forEach(ArrayList.java:1604) [?:?]
	at org.testng.TestRunner.privateRun(TestRunner.java:741) [testng-7.11.0.jar:7.11.0]
	at org.testng.TestRunner.run(TestRunner.java:616) [testng-7.11.0.jar:7.11.0]
	at org.testng.SuiteRunner.runTest(SuiteRunner.java:421) [testng-7.11.0.jar:7.11.0]
	at org.testng.SuiteRunner.runSequentially(SuiteRunner.java:413) [testng-7.11.0.jar:7.11.0]
	at org.testng.SuiteRunner.privateRun(SuiteRunner.java:373) [testng-7.11.0.jar:7.11.0]
	at org.testng.SuiteRunner.run(SuiteRunner.java:312) [testng-7.11.0.jar:7.11.0]
	at org.testng.SuiteRunnerWorker.runSuite(SuiteRunnerWorker.java:52) [testng-7.11.0.jar:7.11.0]
	at org.testng.SuiteRunnerWorker.run(SuiteRunnerWorker.java:95) [testng-7.11.0.jar:7.11.0]
	at org.testng.TestNG.runSuitesSequentially(TestNG.java:1274) [testng-7.11.0.jar:7.11.0]
	at org.testng.TestNG.runSuitesLocally(TestNG.java:1208) [testng-7.11.0.jar:7.11.0]
	at org.testng.TestNG.runSuites(TestNG.java:1112) [testng-7.11.0.jar:7.11.0]
	at org.testng.TestNG.run(TestNG.java:1079) [testng-7.11.0.jar:7.11.0]
	at org.apache.maven.surefire.testng.TestNGExecutor.run(TestNGExecutor.java:308) [surefire-testng-3.5.3.jar:3.5.3]
	at org.apache.maven.surefire.testng.TestNGXmlTestSuite.execute(TestNGXmlTestSuite.java:71) [surefire-testng-3.5.3.jar:3.5.3]
	at org.apache.maven.surefire.testng.TestNGProvider.invoke(TestNGProvider.java:113) [surefire-testng-3.5.3.jar:3.5.3]
	at org.apache.maven.surefire.booter.ForkedBooter.runSuitesInProcess(ForkedBooter.java:385) [surefire-booter-3.5.3.jar:3.5.3]
	at org.apache.maven.surefire.booter.ForkedBooter.execute(ForkedBooter.java:162) [surefire-booter-3.5.3.jar:3.5.3]
	at org.apache.maven.surefire.booter.ForkedBooter.run(ForkedBooter.java:507) [surefire-booter-3.5.3.jar:3.5.3]
	at org.apache.maven.surefire.booter.ForkedBooter.main(ForkedBooter.java:495) [surefire-booter-3.5.3.jar:3.5.3]
2026-06-06 17:40:32 [main] INFO  tests.ExcelDrivenRunner - Executing Scenario : TS-DASH-001
DASHBOARD EXECUTOR RECEIVED : [TS-DASH-001]
Visibility timeout. Attempt: 1
Visibility timeout. Attempt: 2
Visibility timeout. Attempt: 3
2026-06-06 17:41:18 [main] ERROR tests.ExcelDrivenRunner - TS-DASH-001 FAILED
java.lang.RuntimeException: Element not visible after 3 retries.
	at utils.WaitUtil.waitForVisibility(WaitUtil.java:80) ~[test-classes/:?]
	at utils.ElementActions.type(ElementActions.java:66) ~[test-classes/:?]
	at pages.LoginPage.enterUsername(LoginPage.java:43) ~[test-classes/:?]
	at pages.LoginPage.login(LoginPage.java:67) ~[test-classes/:?]
	at executor.BaseExecutor.login(BaseExecutor.java:35) ~[test-classes/:?]
	at executor.DashboardExecutor.openDashboard(DashboardExecutor.java:53) ~[test-classes/:?]
	at executor.DashboardExecutor.executeDashboardVisibility(DashboardExecutor.java:60) ~[test-classes/:?]
	at executor.DashboardExecutor.execute(DashboardExecutor.java:25) ~[test-classes/:?]
	at executor.ScenarioExecutor.execute(ScenarioExecutor.java:15) ~[test-classes/:?]
	at tests.ExcelDrivenRunner.executeScenariosFromExcel(ExcelDrivenRunner.java:65) [test-classes/:?]
	at java.base/jdk.internal.reflect.DirectMethodHandleAccessor.invoke(DirectMethodHandleAccessor.java:104) ~[?:?]
	at java.base/java.lang.reflect.Method.invoke(Method.java:565) ~[?:?]
	at org.testng.internal.invokers.MethodInvocationHelper.invokeMethod(MethodInvocationHelper.java:141) [testng-7.11.0.jar:7.11.0]
	at org.testng.internal.invokers.TestInvoker.invokeMethod(TestInvoker.java:687) [testng-7.11.0.jar:7.11.0]
	at org.testng.internal.invokers.TestInvoker.invokeTestMethod(TestInvoker.java:230) [testng-7.11.0.jar:7.11.0]
	at org.testng.internal.invokers.MethodRunner.runInSequence(MethodRunner.java:63) [testng-7.11.0.jar:7.11.0]
	at org.testng.internal.invokers.TestInvoker$MethodInvocationAgent.invoke(TestInvoker.java:995) [testng-7.11.0.jar:7.11.0]
	at org.testng.internal.invokers.TestInvoker.invokeTestMethods(TestInvoker.java:203) [testng-7.11.0.jar:7.11.0]
	at org.testng.internal.invokers.TestMethodWorker.invokeTestMethods(TestMethodWorker.java:154) [testng-7.11.0.jar:7.11.0]
	at org.testng.internal.invokers.TestMethodWorker.run(TestMethodWorker.java:134) [testng-7.11.0.jar:7.11.0]
	at java.base/java.util.ArrayList.forEach(ArrayList.java:1604) [?:?]
	at org.testng.TestRunner.privateRun(TestRunner.java:741) [testng-7.11.0.jar:7.11.0]
	at org.testng.TestRunner.run(TestRunner.java:616) [testng-7.11.0.jar:7.11.0]
	at org.testng.SuiteRunner.runTest(SuiteRunner.java:421) [testng-7.11.0.jar:7.11.0]
	at org.testng.SuiteRunner.runSequentially(SuiteRunner.java:413) [testng-7.11.0.jar:7.11.0]
	at org.testng.SuiteRunner.privateRun(SuiteRunner.java:373) [testng-7.11.0.jar:7.11.0]
	at org.testng.SuiteRunner.run(SuiteRunner.java:312) [testng-7.11.0.jar:7.11.0]
	at org.testng.SuiteRunnerWorker.runSuite(SuiteRunnerWorker.java:52) [testng-7.11.0.jar:7.11.0]
	at org.testng.SuiteRunnerWorker.run(SuiteRunnerWorker.java:95) [testng-7.11.0.jar:7.11.0]
	at org.testng.TestNG.runSuitesSequentially(TestNG.java:1274) [testng-7.11.0.jar:7.11.0]
	at org.testng.TestNG.runSuitesLocally(TestNG.java:1208) [testng-7.11.0.jar:7.11.0]
	at org.testng.TestNG.runSuites(TestNG.java:1112) [testng-7.11.0.jar:7.11.0]
	at org.testng.TestNG.run(TestNG.java:1079) [testng-7.11.0.jar:7.11.0]
	at org.apache.maven.surefire.testng.TestNGExecutor.run(TestNGExecutor.java:308) [surefire-testng-3.5.3.jar:3.5.3]
	at org.apache.maven.surefire.testng.TestNGXmlTestSuite.execute(TestNGXmlTestSuite.java:71) [surefire-testng-3.5.3.jar:3.5.3]
	at org.apache.maven.surefire.testng.TestNGProvider.invoke(TestNGProvider.java:113) [surefire-testng-3.5.3.jar:3.5.3]
	at org.apache.maven.surefire.booter.ForkedBooter.runSuitesInProcess(ForkedBooter.java:385) [surefire-booter-3.5.3.jar:3.5.3]
	at org.apache.maven.surefire.booter.ForkedBooter.execute(ForkedBooter.java:162) [surefire-booter-3.5.3.jar:3.5.3]
	at org.apache.maven.surefire.booter.ForkedBooter.run(ForkedBooter.java:507) [surefire-booter-3.5.3.jar:3.5.3]
	at org.apache.maven.surefire.booter.ForkedBooter.main(ForkedBooter.java:495) [surefire-booter-3.5.3.jar:3.5.3]
2026-06-06 17:41:19 [main] INFO  tests.ExcelDrivenRunner - Executing Scenario : TS-DASH-002
DASHBOARD EXECUTOR RECEIVED : [TS-DASH-002]
EXECUTING TS-DASH-002
Visibility timeout. Attempt: 1
Visibility timeout. Attempt: 2
Visibility timeout. Attempt: 3
2026-06-06 17:42:05 [main] ERROR tests.ExcelDrivenRunner - TS-DASH-002 FAILED
java.lang.RuntimeException: Element not visible after 3 retries.
	at utils.WaitUtil.waitForVisibility(WaitUtil.java:80) ~[test-classes/:?]
	at utils.ElementActions.type(ElementActions.java:66) ~[test-classes/:?]
	at pages.LoginPage.enterUsername(LoginPage.java:43) ~[test-classes/:?]
	at pages.LoginPage.login(LoginPage.java:67) ~[test-classes/:?]
	at executor.BaseExecutor.login(BaseExecutor.java:35) ~[test-classes/:?]
	at executor.DashboardExecutor.openDashboard(DashboardExecutor.java:53) ~[test-classes/:?]
	at executor.DashboardExecutor.executeTimeAtWorkVerification(DashboardExecutor.java:70) ~[test-classes/:?]
	at executor.DashboardExecutor.execute(DashboardExecutor.java:28) ~[test-classes/:?]
	at executor.ScenarioExecutor.execute(ScenarioExecutor.java:15) ~[test-classes/:?]
	at tests.ExcelDrivenRunner.executeScenariosFromExcel(ExcelDrivenRunner.java:65) [test-classes/:?]
	at java.base/jdk.internal.reflect.DirectMethodHandleAccessor.invoke(DirectMethodHandleAccessor.java:104) ~[?:?]
	at java.base/java.lang.reflect.Method.invoke(Method.java:565) ~[?:?]
	at org.testng.internal.invokers.MethodInvocationHelper.invokeMethod(MethodInvocationHelper.java:141) [testng-7.11.0.jar:7.11.0]
	at org.testng.internal.invokers.TestInvoker.invokeMethod(TestInvoker.java:687) [testng-7.11.0.jar:7.11.0]
	at org.testng.internal.invokers.TestInvoker.invokeTestMethod(TestInvoker.java:230) [testng-7.11.0.jar:7.11.0]
	at org.testng.internal.invokers.MethodRunner.runInSequence(MethodRunner.java:63) [testng-7.11.0.jar:7.11.0]
	at org.testng.internal.invokers.TestInvoker$MethodInvocationAgent.invoke(TestInvoker.java:995) [testng-7.11.0.jar:7.11.0]
	at org.testng.internal.invokers.TestInvoker.invokeTestMethods(TestInvoker.java:203) [testng-7.11.0.jar:7.11.0]
	at org.testng.internal.invokers.TestMethodWorker.invokeTestMethods(TestMethodWorker.java:154) [testng-7.11.0.jar:7.11.0]
	at org.testng.internal.invokers.TestMethodWorker.run(TestMethodWorker.java:134) [testng-7.11.0.jar:7.11.0]
	at java.base/java.util.ArrayList.forEach(ArrayList.java:1604) [?:?]
	at org.testng.TestRunner.privateRun(TestRunner.java:741) [testng-7.11.0.jar:7.11.0]
	at org.testng.TestRunner.run(TestRunner.java:616) [testng-7.11.0.jar:7.11.0]
	at org.testng.SuiteRunner.runTest(SuiteRunner.java:421) [testng-7.11.0.jar:7.11.0]
	at org.testng.SuiteRunner.runSequentially(SuiteRunner.java:413) [testng-7.11.0.jar:7.11.0]
	at org.testng.SuiteRunner.privateRun(SuiteRunner.java:373) [testng-7.11.0.jar:7.11.0]
	at org.testng.SuiteRunner.run(SuiteRunner.java:312) [testng-7.11.0.jar:7.11.0]
	at org.testng.SuiteRunnerWorker.runSuite(SuiteRunnerWorker.java:52) [testng-7.11.0.jar:7.11.0]
	at org.testng.SuiteRunnerWorker.run(SuiteRunnerWorker.java:95) [testng-7.11.0.jar:7.11.0]
	at org.testng.TestNG.runSuitesSequentially(TestNG.java:1274) [testng-7.11.0.jar:7.11.0]
	at org.testng.TestNG.runSuitesLocally(TestNG.java:1208) [testng-7.11.0.jar:7.11.0]
	at org.testng.TestNG.runSuites(TestNG.java:1112) [testng-7.11.0.jar:7.11.0]
	at org.testng.TestNG.run(TestNG.java:1079) [testng-7.11.0.jar:7.11.0]
	at org.apache.maven.surefire.testng.TestNGExecutor.run(TestNGExecutor.java:308) [surefire-testng-3.5.3.jar:3.5.3]
	at org.apache.maven.surefire.testng.TestNGXmlTestSuite.execute(TestNGXmlTestSuite.java:71) [surefire-testng-3.5.3.jar:3.5.3]
	at org.apache.maven.surefire.testng.TestNGProvider.invoke(TestNGProvider.java:113) [surefire-testng-3.5.3.jar:3.5.3]
	at org.apache.maven.surefire.booter.ForkedBooter.runSuitesInProcess(ForkedBooter.java:385) [surefire-booter-3.5.3.jar:3.5.3]
	at org.apache.maven.surefire.booter.ForkedBooter.execute(ForkedBooter.java:162) [surefire-booter-3.5.3.jar:3.5.3]
	at org.apache.maven.surefire.booter.ForkedBooter.run(ForkedBooter.java:507) [surefire-booter-3.5.3.jar:3.5.3]
	at org.apache.maven.surefire.booter.ForkedBooter.main(ForkedBooter.java:495) [surefire-booter-3.5.3.jar:3.5.3]
2026-06-06 17:42:05 [main] INFO  tests.ExcelDrivenRunner - Executing Scenario : TS-DASH-003
DASHBOARD EXECUTOR RECEIVED : [TS-DASH-003]
Visibility timeout. Attempt: 1
Visibility timeout. Attempt: 2
Visibility timeout. Attempt: 3
2026-06-06 17:42:52 [main] ERROR tests.ExcelDrivenRunner - TS-DASH-003 FAILED
java.lang.RuntimeException: Element not visible after 3 retries.
	at utils.WaitUtil.waitForVisibility(WaitUtil.java:80) ~[test-classes/:?]
	at utils.ElementActions.type(ElementActions.java:66) ~[test-classes/:?]
	at pages.LoginPage.enterUsername(LoginPage.java:43) ~[test-classes/:?]
	at pages.LoginPage.login(LoginPage.java:67) ~[test-classes/:?]
	at executor.BaseExecutor.login(BaseExecutor.java:35) ~[test-classes/:?]
	at executor.DashboardExecutor.openDashboard(DashboardExecutor.java:53) ~[test-classes/:?]
	at executor.DashboardExecutor.executeQuickLaunchVerification(DashboardExecutor.java:76) ~[test-classes/:?]
	at executor.DashboardExecutor.execute(DashboardExecutor.java:31) ~[test-classes/:?]
	at executor.ScenarioExecutor.execute(ScenarioExecutor.java:15) ~[test-classes/:?]
	at tests.ExcelDrivenRunner.executeScenariosFromExcel(ExcelDrivenRunner.java:65) [test-classes/:?]
	at java.base/jdk.internal.reflect.DirectMethodHandleAccessor.invoke(DirectMethodHandleAccessor.java:104) ~[?:?]
	at java.base/java.lang.reflect.Method.invoke(Method.java:565) ~[?:?]
	at org.testng.internal.invokers.MethodInvocationHelper.invokeMethod(MethodInvocationHelper.java:141) [testng-7.11.0.jar:7.11.0]
	at org.testng.internal.invokers.TestInvoker.invokeMethod(TestInvoker.java:687) [testng-7.11.0.jar:7.11.0]
	at org.testng.internal.invokers.TestInvoker.invokeTestMethod(TestInvoker.java:230) [testng-7.11.0.jar:7.11.0]
	at org.testng.internal.invokers.MethodRunner.runInSequence(MethodRunner.java:63) [testng-7.11.0.jar:7.11.0]
	at org.testng.internal.invokers.TestInvoker$MethodInvocationAgent.invoke(TestInvoker.java:995) [testng-7.11.0.jar:7.11.0]
	at org.testng.internal.invokers.TestInvoker.invokeTestMethods(TestInvoker.java:203) [testng-7.11.0.jar:7.11.0]
	at org.testng.internal.invokers.TestMethodWorker.invokeTestMethods(TestMethodWorker.java:154) [testng-7.11.0.jar:7.11.0]
	at org.testng.internal.invokers.TestMethodWorker.run(TestMethodWorker.java:134) [testng-7.11.0.jar:7.11.0]
	at java.base/java.util.ArrayList.forEach(ArrayList.java:1604) [?:?]
	at org.testng.TestRunner.privateRun(TestRunner.java:741) [testng-7.11.0.jar:7.11.0]
	at org.testng.TestRunner.run(TestRunner.java:616) [testng-7.11.0.jar:7.11.0]
	at org.testng.SuiteRunner.runTest(SuiteRunner.java:421) [testng-7.11.0.jar:7.11.0]
	at org.testng.SuiteRunner.runSequentially(SuiteRunner.java:413) [testng-7.11.0.jar:7.11.0]
	at org.testng.SuiteRunner.privateRun(SuiteRunner.java:373) [testng-7.11.0.jar:7.11.0]
	at org.testng.SuiteRunner.run(SuiteRunner.java:312) [testng-7.11.0.jar:7.11.0]
	at org.testng.SuiteRunnerWorker.runSuite(SuiteRunnerWorker.java:52) [testng-7.11.0.jar:7.11.0]
	at org.testng.SuiteRunnerWorker.run(SuiteRunnerWorker.java:95) [testng-7.11.0.jar:7.11.0]
	at org.testng.TestNG.runSuitesSequentially(TestNG.java:1274) [testng-7.11.0.jar:7.11.0]
	at org.testng.TestNG.runSuitesLocally(TestNG.java:1208) [testng-7.11.0.jar:7.11.0]
	at org.testng.TestNG.runSuites(TestNG.java:1112) [testng-7.11.0.jar:7.11.0]
	at org.testng.TestNG.run(TestNG.java:1079) [testng-7.11.0.jar:7.11.0]
	at org.apache.maven.surefire.testng.TestNGExecutor.run(TestNGExecutor.java:308) [surefire-testng-3.5.3.jar:3.5.3]
	at org.apache.maven.surefire.testng.TestNGXmlTestSuite.execute(TestNGXmlTestSuite.java:71) [surefire-testng-3.5.3.jar:3.5.3]
	at org.apache.maven.surefire.testng.TestNGProvider.invoke(TestNGProvider.java:113) [surefire-testng-3.5.3.jar:3.5.3]
	at org.apache.maven.surefire.booter.ForkedBooter.runSuitesInProcess(ForkedBooter.java:385) [surefire-booter-3.5.3.jar:3.5.3]
	at org.apache.maven.surefire.booter.ForkedBooter.execute(ForkedBooter.java:162) [surefire-booter-3.5.3.jar:3.5.3]
	at org.apache.maven.surefire.booter.ForkedBooter.run(ForkedBooter.java:507) [surefire-booter-3.5.3.jar:3.5.3]
	at org.apache.maven.surefire.booter.ForkedBooter.main(ForkedBooter.java:495) [surefire-booter-3.5.3.jar:3.5.3]
2026-06-06 17:42:52 [main] INFO  tests.ExcelDrivenRunner - Executing Scenario : TS-DASH-004
DASHBOARD EXECUTOR RECEIVED : [TS-DASH-004]
EXECUTING TS-DASH-004
Visibility timeout. Attempt: 1
Visibility timeout. Attempt: 2
Visibility timeout. Attempt: 3
2026-06-06 17:43:39 [main] ERROR tests.ExcelDrivenRunner - TS-DASH-004 FAILED
java.lang.RuntimeException: Element not visible after 3 retries.
	at utils.WaitUtil.waitForVisibility(WaitUtil.java:80) ~[test-classes/:?]
	at utils.ElementActions.type(ElementActions.java:66) ~[test-classes/:?]
	at pages.LoginPage.enterUsername(LoginPage.java:43) ~[test-classes/:?]
	at pages.LoginPage.login(LoginPage.java:67) ~[test-classes/:?]
	at executor.BaseExecutor.login(BaseExecutor.java:35) ~[test-classes/:?]
	at executor.DashboardExecutor.openDashboard(DashboardExecutor.java:53) ~[test-classes/:?]
	at executor.DashboardExecutor.executeDashboardRefreshVerification(DashboardExecutor.java:87) ~[test-classes/:?]
	at executor.DashboardExecutor.execute(DashboardExecutor.java:34) ~[test-classes/:?]
	at executor.ScenarioExecutor.execute(ScenarioExecutor.java:15) ~[test-classes/:?]
	at tests.ExcelDrivenRunner.executeScenariosFromExcel(ExcelDrivenRunner.java:65) [test-classes/:?]
	at java.base/jdk.internal.reflect.DirectMethodHandleAccessor.invoke(DirectMethodHandleAccessor.java:104) ~[?:?]
	at java.base/java.lang.reflect.Method.invoke(Method.java:565) ~[?:?]
	at org.testng.internal.invokers.MethodInvocationHelper.invokeMethod(MethodInvocationHelper.java:141) [testng-7.11.0.jar:7.11.0]
	at org.testng.internal.invokers.TestInvoker.invokeMethod(TestInvoker.java:687) [testng-7.11.0.jar:7.11.0]
	at org.testng.internal.invokers.TestInvoker.invokeTestMethod(TestInvoker.java:230) [testng-7.11.0.jar:7.11.0]
	at org.testng.internal.invokers.MethodRunner.runInSequence(MethodRunner.java:63) [testng-7.11.0.jar:7.11.0]
	at org.testng.internal.invokers.TestInvoker$MethodInvocationAgent.invoke(TestInvoker.java:995) [testng-7.11.0.jar:7.11.0]
	at org.testng.internal.invokers.TestInvoker.invokeTestMethods(TestInvoker.java:203) [testng-7.11.0.jar:7.11.0]
	at org.testng.internal.invokers.TestMethodWorker.invokeTestMethods(TestMethodWorker.java:154) [testng-7.11.0.jar:7.11.0]
	at org.testng.internal.invokers.TestMethodWorker.run(TestMethodWorker.java:134) [testng-7.11.0.jar:7.11.0]
	at java.base/java.util.ArrayList.forEach(ArrayList.java:1604) [?:?]
	at org.testng.TestRunner.privateRun(TestRunner.java:741) [testng-7.11.0.jar:7.11.0]
	at org.testng.TestRunner.run(TestRunner.java:616) [testng-7.11.0.jar:7.11.0]
	at org.testng.SuiteRunner.runTest(SuiteRunner.java:421) [testng-7.11.0.jar:7.11.0]
	at org.testng.SuiteRunner.runSequentially(SuiteRunner.java:413) [testng-7.11.0.jar:7.11.0]
	at org.testng.SuiteRunner.privateRun(SuiteRunner.java:373) [testng-7.11.0.jar:7.11.0]
	at org.testng.SuiteRunner.run(SuiteRunner.java:312) [testng-7.11.0.jar:7.11.0]
	at org.testng.SuiteRunnerWorker.runSuite(SuiteRunnerWorker.java:52) [testng-7.11.0.jar:7.11.0]
	at org.testng.SuiteRunnerWorker.run(SuiteRunnerWorker.java:95) [testng-7.11.0.jar:7.11.0]
	at org.testng.TestNG.runSuitesSequentially(TestNG.java:1274) [testng-7.11.0.jar:7.11.0]
	at org.testng.TestNG.runSuitesLocally(TestNG.java:1208) [testng-7.11.0.jar:7.11.0]
	at org.testng.TestNG.runSuites(TestNG.java:1112) [testng-7.11.0.jar:7.11.0]
	at org.testng.TestNG.run(TestNG.java:1079) [testng-7.11.0.jar:7.11.0]
	at org.apache.maven.surefire.testng.TestNGExecutor.run(TestNGExecutor.java:308) [surefire-testng-3.5.3.jar:3.5.3]
	at org.apache.maven.surefire.testng.TestNGXmlTestSuite.execute(TestNGXmlTestSuite.java:71) [surefire-testng-3.5.3.jar:3.5.3]
	at org.apache.maven.surefire.testng.TestNGProvider.invoke(TestNGProvider.java:113) [surefire-testng-3.5.3.jar:3.5.3]
	at org.apache.maven.surefire.booter.ForkedBooter.runSuitesInProcess(ForkedBooter.java:385) [surefire-booter-3.5.3.jar:3.5.3]
	at org.apache.maven.surefire.booter.ForkedBooter.execute(ForkedBooter.java:162) [surefire-booter-3.5.3.jar:3.5.3]
	at org.apache.maven.surefire.booter.ForkedBooter.run(ForkedBooter.java:507) [surefire-booter-3.5.3.jar:3.5.3]
	at org.apache.maven.surefire.booter.ForkedBooter.main(ForkedBooter.java:495) [surefire-booter-3.5.3.jar:3.5.3]
2026-06-06 17:43:39 [main] INFO  tests.ExcelDrivenRunner - Executing Scenario : TS-DASH-005
DASHBOARD EXECUTOR RECEIVED : [TS-DASH-005]
Visibility timeout. Attempt: 1
Visibility timeout. Attempt: 2
Visibility timeout. Attempt: 3
2026-06-06 17:44:25 [main] ERROR tests.ExcelDrivenRunner - TS-DASH-005 FAILED
java.lang.RuntimeException: Element not visible after 3 retries.
	at utils.WaitUtil.waitForVisibility(WaitUtil.java:80) ~[test-classes/:?]
	at utils.ElementActions.type(ElementActions.java:66) ~[test-classes/:?]
	at pages.LoginPage.enterUsername(LoginPage.java:43) ~[test-classes/:?]
	at pages.LoginPage.login(LoginPage.java:67) ~[test-classes/:?]
	at executor.BaseExecutor.login(BaseExecutor.java:35) ~[test-classes/:?]
	at executor.DashboardExecutor.openDashboard(DashboardExecutor.java:53) ~[test-classes/:?]
	at executor.DashboardExecutor.executeProfileMenuVerification(DashboardExecutor.java:99) ~[test-classes/:?]
	at executor.DashboardExecutor.execute(DashboardExecutor.java:37) ~[test-classes/:?]
	at executor.ScenarioExecutor.execute(ScenarioExecutor.java:15) ~[test-classes/:?]
	at tests.ExcelDrivenRunner.executeScenariosFromExcel(ExcelDrivenRunner.java:65) [test-classes/:?]
	at java.base/jdk.internal.reflect.DirectMethodHandleAccessor.invoke(DirectMethodHandleAccessor.java:104) ~[?:?]
	at java.base/java.lang.reflect.Method.invoke(Method.java:565) ~[?:?]
	at org.testng.internal.invokers.MethodInvocationHelper.invokeMethod(MethodInvocationHelper.java:141) [testng-7.11.0.jar:7.11.0]
	at org.testng.internal.invokers.TestInvoker.invokeMethod(TestInvoker.java:687) [testng-7.11.0.jar:7.11.0]
	at org.testng.internal.invokers.TestInvoker.invokeTestMethod(TestInvoker.java:230) [testng-7.11.0.jar:7.11.0]
	at org.testng.internal.invokers.MethodRunner.runInSequence(MethodRunner.java:63) [testng-7.11.0.jar:7.11.0]
	at org.testng.internal.invokers.TestInvoker$MethodInvocationAgent.invoke(TestInvoker.java:995) [testng-7.11.0.jar:7.11.0]
	at org.testng.internal.invokers.TestInvoker.invokeTestMethods(TestInvoker.java:203) [testng-7.11.0.jar:7.11.0]
	at org.testng.internal.invokers.TestMethodWorker.invokeTestMethods(TestMethodWorker.java:154) [testng-7.11.0.jar:7.11.0]
	at org.testng.internal.invokers.TestMethodWorker.run(TestMethodWorker.java:134) [testng-7.11.0.jar:7.11.0]
	at java.base/java.util.ArrayList.forEach(ArrayList.java:1604) [?:?]
	at org.testng.TestRunner.privateRun(TestRunner.java:741) [testng-7.11.0.jar:7.11.0]
	at org.testng.TestRunner.run(TestRunner.java:616) [testng-7.11.0.jar:7.11.0]
	at org.testng.SuiteRunner.runTest(SuiteRunner.java:421) [testng-7.11.0.jar:7.11.0]
	at org.testng.SuiteRunner.runSequentially(SuiteRunner.java:413) [testng-7.11.0.jar:7.11.0]
	at org.testng.SuiteRunner.privateRun(SuiteRunner.java:373) [testng-7.11.0.jar:7.11.0]
	at org.testng.SuiteRunner.run(SuiteRunner.java:312) [testng-7.11.0.jar:7.11.0]
	at org.testng.SuiteRunnerWorker.runSuite(SuiteRunnerWorker.java:52) [testng-7.11.0.jar:7.11.0]
	at org.testng.SuiteRunnerWorker.run(SuiteRunnerWorker.java:95) [testng-7.11.0.jar:7.11.0]
	at org.testng.TestNG.runSuitesSequentially(TestNG.java:1274) [testng-7.11.0.jar:7.11.0]
	at org.testng.TestNG.runSuitesLocally(TestNG.java:1208) [testng-7.11.0.jar:7.11.0]
	at org.testng.TestNG.runSuites(TestNG.java:1112) [testng-7.11.0.jar:7.11.0]
	at org.testng.TestNG.run(TestNG.java:1079) [testng-7.11.0.jar:7.11.0]
	at org.apache.maven.surefire.testng.TestNGExecutor.run(TestNGExecutor.java:308) [surefire-testng-3.5.3.jar:3.5.3]
	at org.apache.maven.surefire.testng.TestNGXmlTestSuite.execute(TestNGXmlTestSuite.java:71) [surefire-testng-3.5.3.jar:3.5.3]
	at org.apache.maven.surefire.testng.TestNGProvider.invoke(TestNGProvider.java:113) [surefire-testng-3.5.3.jar:3.5.3]
	at org.apache.maven.surefire.booter.ForkedBooter.runSuitesInProcess(ForkedBooter.java:385) [surefire-booter-3.5.3.jar:3.5.3]
	at org.apache.maven.surefire.booter.ForkedBooter.execute(ForkedBooter.java:162) [surefire-booter-3.5.3.jar:3.5.3]
	at org.apache.maven.surefire.booter.ForkedBooter.run(ForkedBooter.java:507) [surefire-booter-3.5.3.jar:3.5.3]
	at org.apache.maven.surefire.booter.ForkedBooter.main(ForkedBooter.java:495) [surefire-booter-3.5.3.jar:3.5.3]
2026-06-06 17:44:25 [main] INFO  tests.ExcelDrivenRunner - Executing Scenario : TS-ADMIN-001
STEP 1 : LOGIN PAGE URL = https://opensource-demo.orangehrmlive.com/web/index.php/dashboard/index
Visibility timeout. Attempt: 1
Visibility timeout. Attempt: 2
Visibility timeout. Attempt: 3
2026-06-06 17:45:12 [main] ERROR tests.ExcelDrivenRunner - TS-ADMIN-001 FAILED
java.lang.RuntimeException: Element not visible after 3 retries.
	at utils.WaitUtil.waitForVisibility(WaitUtil.java:80) ~[test-classes/:?]
	at utils.ElementActions.type(ElementActions.java:66) ~[test-classes/:?]
	at pages.LoginPage.enterUsername(LoginPage.java:43) ~[test-classes/:?]
	at pages.LoginPage.login(LoginPage.java:67) ~[test-classes/:?]
	at executor.BaseExecutor.login(BaseExecutor.java:35) ~[test-classes/:?]
	at executor.AdminExecutor.executeAdminPageVerification(AdminExecutor.java:46) ~[test-classes/:?]
	at executor.AdminExecutor.execute(AdminExecutor.java:17) ~[test-classes/:?]
	at executor.ScenarioExecutor.execute(ScenarioExecutor.java:23) ~[test-classes/:?]
	at tests.ExcelDrivenRunner.executeScenariosFromExcel(ExcelDrivenRunner.java:65) [test-classes/:?]
	at java.base/jdk.internal.reflect.DirectMethodHandleAccessor.invoke(DirectMethodHandleAccessor.java:104) ~[?:?]
	at java.base/java.lang.reflect.Method.invoke(Method.java:565) ~[?:?]
	at org.testng.internal.invokers.MethodInvocationHelper.invokeMethod(MethodInvocationHelper.java:141) [testng-7.11.0.jar:7.11.0]
	at org.testng.internal.invokers.TestInvoker.invokeMethod(TestInvoker.java:687) [testng-7.11.0.jar:7.11.0]
	at org.testng.internal.invokers.TestInvoker.invokeTestMethod(TestInvoker.java:230) [testng-7.11.0.jar:7.11.0]
	at org.testng.internal.invokers.MethodRunner.runInSequence(MethodRunner.java:63) [testng-7.11.0.jar:7.11.0]
	at org.testng.internal.invokers.TestInvoker$MethodInvocationAgent.invoke(TestInvoker.java:995) [testng-7.11.0.jar:7.11.0]
	at org.testng.internal.invokers.TestInvoker.invokeTestMethods(TestInvoker.java:203) [testng-7.11.0.jar:7.11.0]
	at org.testng.internal.invokers.TestMethodWorker.invokeTestMethods(TestMethodWorker.java:154) [testng-7.11.0.jar:7.11.0]
	at org.testng.internal.invokers.TestMethodWorker.run(TestMethodWorker.java:134) [testng-7.11.0.jar:7.11.0]
	at java.base/java.util.ArrayList.forEach(ArrayList.java:1604) [?:?]
	at org.testng.TestRunner.privateRun(TestRunner.java:741) [testng-7.11.0.jar:7.11.0]
	at org.testng.TestRunner.run(TestRunner.java:616) [testng-7.11.0.jar:7.11.0]
	at org.testng.SuiteRunner.runTest(SuiteRunner.java:421) [testng-7.11.0.jar:7.11.0]
	at org.testng.SuiteRunner.runSequentially(SuiteRunner.java:413) [testng-7.11.0.jar:7.11.0]
	at org.testng.SuiteRunner.privateRun(SuiteRunner.java:373) [testng-7.11.0.jar:7.11.0]
	at org.testng.SuiteRunner.run(SuiteRunner.java:312) [testng-7.11.0.jar:7.11.0]
	at org.testng.SuiteRunnerWorker.runSuite(SuiteRunnerWorker.java:52) [testng-7.11.0.jar:7.11.0]
	at org.testng.SuiteRunnerWorker.run(SuiteRunnerWorker.java:95) [testng-7.11.0.jar:7.11.0]
	at org.testng.TestNG.runSuitesSequentially(TestNG.java:1274) [testng-7.11.0.jar:7.11.0]
	at org.testng.TestNG.runSuitesLocally(TestNG.java:1208) [testng-7.11.0.jar:7.11.0]
	at org.testng.TestNG.runSuites(TestNG.java:1112) [testng-7.11.0.jar:7.11.0]
	at org.testng.TestNG.run(TestNG.java:1079) [testng-7.11.0.jar:7.11.0]
	at org.apache.maven.surefire.testng.TestNGExecutor.run(TestNGExecutor.java:308) [surefire-testng-3.5.3.jar:3.5.3]
	at org.apache.maven.surefire.testng.TestNGXmlTestSuite.execute(TestNGXmlTestSuite.java:71) [surefire-testng-3.5.3.jar:3.5.3]
	at org.apache.maven.surefire.testng.TestNGProvider.invoke(TestNGProvider.java:113) [surefire-testng-3.5.3.jar:3.5.3]
	at org.apache.maven.surefire.booter.ForkedBooter.runSuitesInProcess(ForkedBooter.java:385) [surefire-booter-3.5.3.jar:3.5.3]
	at org.apache.maven.surefire.booter.ForkedBooter.execute(ForkedBooter.java:162) [surefire-booter-3.5.3.jar:3.5.3]
	at org.apache.maven.surefire.booter.ForkedBooter.run(ForkedBooter.java:507) [surefire-booter-3.5.3.jar:3.5.3]
	at org.apache.maven.surefire.booter.ForkedBooter.main(ForkedBooter.java:495) [surefire-booter-3.5.3.jar:3.5.3]
2026-06-06 17:45:12 [main] INFO  tests.ExcelDrivenRunner - Executing Scenario : TS-ADMIN-002
Visibility timeout. Attempt: 1
Visibility timeout. Attempt: 2
Visibility timeout. Attempt: 3
2026-06-06 17:45:58 [main] ERROR tests.ExcelDrivenRunner - TS-ADMIN-002 FAILED
java.lang.RuntimeException: Element not visible after 3 retries.
	at utils.WaitUtil.waitForVisibility(WaitUtil.java:80) ~[test-classes/:?]
	at utils.ElementActions.type(ElementActions.java:66) ~[test-classes/:?]
	at pages.LoginPage.enterUsername(LoginPage.java:43) ~[test-classes/:?]
	at pages.LoginPage.login(LoginPage.java:67) ~[test-classes/:?]
	at executor.BaseExecutor.login(BaseExecutor.java:35) ~[test-classes/:?]
	at executor.AdminExecutor.executeSearchUser(AdminExecutor.java:83) ~[test-classes/:?]
	at executor.AdminExecutor.execute(AdminExecutor.java:20) ~[test-classes/:?]
	at executor.ScenarioExecutor.execute(ScenarioExecutor.java:23) ~[test-classes/:?]
	at tests.ExcelDrivenRunner.executeScenariosFromExcel(ExcelDrivenRunner.java:65) [test-classes/:?]
	at java.base/jdk.internal.reflect.DirectMethodHandleAccessor.invoke(DirectMethodHandleAccessor.java:104) ~[?:?]
	at java.base/java.lang.reflect.Method.invoke(Method.java:565) ~[?:?]
	at org.testng.internal.invokers.MethodInvocationHelper.invokeMethod(MethodInvocationHelper.java:141) [testng-7.11.0.jar:7.11.0]
	at org.testng.internal.invokers.TestInvoker.invokeMethod(TestInvoker.java:687) [testng-7.11.0.jar:7.11.0]
	at org.testng.internal.invokers.TestInvoker.invokeTestMethod(TestInvoker.java:230) [testng-7.11.0.jar:7.11.0]
	at org.testng.internal.invokers.MethodRunner.runInSequence(MethodRunner.java:63) [testng-7.11.0.jar:7.11.0]
	at org.testng.internal.invokers.TestInvoker$MethodInvocationAgent.invoke(TestInvoker.java:995) [testng-7.11.0.jar:7.11.0]
	at org.testng.internal.invokers.TestInvoker.invokeTestMethods(TestInvoker.java:203) [testng-7.11.0.jar:7.11.0]
	at org.testng.internal.invokers.TestMethodWorker.invokeTestMethods(TestMethodWorker.java:154) [testng-7.11.0.jar:7.11.0]
	at org.testng.internal.invokers.TestMethodWorker.run(TestMethodWorker.java:134) [testng-7.11.0.jar:7.11.0]
	at java.base/java.util.ArrayList.forEach(ArrayList.java:1604) [?:?]
	at org.testng.TestRunner.privateRun(TestRunner.java:741) [testng-7.11.0.jar:7.11.0]
	at org.testng.TestRunner.run(TestRunner.java:616) [testng-7.11.0.jar:7.11.0]
	at org.testng.SuiteRunner.runTest(SuiteRunner.java:421) [testng-7.11.0.jar:7.11.0]
	at org.testng.SuiteRunner.runSequentially(SuiteRunner.java:413) [testng-7.11.0.jar:7.11.0]
	at org.testng.SuiteRunner.privateRun(SuiteRunner.java:373) [testng-7.11.0.jar:7.11.0]
	at org.testng.SuiteRunner.run(SuiteRunner.java:312) [testng-7.11.0.jar:7.11.0]
	at org.testng.SuiteRunnerWorker.runSuite(SuiteRunnerWorker.java:52) [testng-7.11.0.jar:7.11.0]
	at org.testng.SuiteRunnerWorker.run(SuiteRunnerWorker.java:95) [testng-7.11.0.jar:7.11.0]
	at org.testng.TestNG.runSuitesSequentially(TestNG.java:1274) [testng-7.11.0.jar:7.11.0]
	at org.testng.TestNG.runSuitesLocally(TestNG.java:1208) [testng-7.11.0.jar:7.11.0]
	at org.testng.TestNG.runSuites(TestNG.java:1112) [testng-7.11.0.jar:7.11.0]
	at org.testng.TestNG.run(TestNG.java:1079) [testng-7.11.0.jar:7.11.0]
	at org.apache.maven.surefire.testng.TestNGExecutor.run(TestNGExecutor.java:308) [surefire-testng-3.5.3.jar:3.5.3]
	at org.apache.maven.surefire.testng.TestNGXmlTestSuite.execute(TestNGXmlTestSuite.java:71) [surefire-testng-3.5.3.jar:3.5.3]
	at org.apache.maven.surefire.testng.TestNGProvider.invoke(TestNGProvider.java:113) [surefire-testng-3.5.3.jar:3.5.3]
	at org.apache.maven.surefire.booter.ForkedBooter.runSuitesInProcess(ForkedBooter.java:385) [surefire-booter-3.5.3.jar:3.5.3]
	at org.apache.maven.surefire.booter.ForkedBooter.execute(ForkedBooter.java:162) [surefire-booter-3.5.3.jar:3.5.3]
	at org.apache.maven.surefire.booter.ForkedBooter.run(ForkedBooter.java:507) [surefire-booter-3.5.3.jar:3.5.3]
	at org.apache.maven.surefire.booter.ForkedBooter.main(ForkedBooter.java:495) [surefire-booter-3.5.3.jar:3.5.3]
2026-06-06 17:45:58 [main] INFO  tests.ExcelDrivenRunner - Executing Scenario : TS-ADMIN-003
Visibility timeout. Attempt: 1
Visibility timeout. Attempt: 2
Visibility timeout. Attempt: 3
2026-06-06 17:46:45 [main] ERROR tests.ExcelDrivenRunner - TS-ADMIN-003 FAILED
java.lang.RuntimeException: Element not visible after 3 retries.
	at utils.WaitUtil.waitForVisibility(WaitUtil.java:80) ~[test-classes/:?]
	at utils.ElementActions.type(ElementActions.java:66) ~[test-classes/:?]
	at pages.LoginPage.enterUsername(LoginPage.java:43) ~[test-classes/:?]
	at pages.LoginPage.login(LoginPage.java:67) ~[test-classes/:?]
	at executor.BaseExecutor.login(BaseExecutor.java:35) ~[test-classes/:?]
	at executor.AdminExecutor.executeResetUserSearch(AdminExecutor.java:102) ~[test-classes/:?]
	at executor.AdminExecutor.execute(AdminExecutor.java:23) ~[test-classes/:?]
	at executor.ScenarioExecutor.execute(ScenarioExecutor.java:23) ~[test-classes/:?]
	at tests.ExcelDrivenRunner.executeScenariosFromExcel(ExcelDrivenRunner.java:65) [test-classes/:?]
	at java.base/jdk.internal.reflect.DirectMethodHandleAccessor.invoke(DirectMethodHandleAccessor.java:104) ~[?:?]
	at java.base/java.lang.reflect.Method.invoke(Method.java:565) ~[?:?]
	at org.testng.internal.invokers.MethodInvocationHelper.invokeMethod(MethodInvocationHelper.java:141) [testng-7.11.0.jar:7.11.0]
	at org.testng.internal.invokers.TestInvoker.invokeMethod(TestInvoker.java:687) [testng-7.11.0.jar:7.11.0]
	at org.testng.internal.invokers.TestInvoker.invokeTestMethod(TestInvoker.java:230) [testng-7.11.0.jar:7.11.0]
	at org.testng.internal.invokers.MethodRunner.runInSequence(MethodRunner.java:63) [testng-7.11.0.jar:7.11.0]
	at org.testng.internal.invokers.TestInvoker$MethodInvocationAgent.invoke(TestInvoker.java:995) [testng-7.11.0.jar:7.11.0]
	at org.testng.internal.invokers.TestInvoker.invokeTestMethods(TestInvoker.java:203) [testng-7.11.0.jar:7.11.0]
	at org.testng.internal.invokers.TestMethodWorker.invokeTestMethods(TestMethodWorker.java:154) [testng-7.11.0.jar:7.11.0]
	at org.testng.internal.invokers.TestMethodWorker.run(TestMethodWorker.java:134) [testng-7.11.0.jar:7.11.0]
	at java.base/java.util.ArrayList.forEach(ArrayList.java:1604) [?:?]
	at org.testng.TestRunner.privateRun(TestRunner.java:741) [testng-7.11.0.jar:7.11.0]
	at org.testng.TestRunner.run(TestRunner.java:616) [testng-7.11.0.jar:7.11.0]
	at org.testng.SuiteRunner.runTest(SuiteRunner.java:421) [testng-7.11.0.jar:7.11.0]
	at org.testng.SuiteRunner.runSequentially(SuiteRunner.java:413) [testng-7.11.0.jar:7.11.0]
	at org.testng.SuiteRunner.privateRun(SuiteRunner.java:373) [testng-7.11.0.jar:7.11.0]
	at org.testng.SuiteRunner.run(SuiteRunner.java:312) [testng-7.11.0.jar:7.11.0]
	at org.testng.SuiteRunnerWorker.runSuite(SuiteRunnerWorker.java:52) [testng-7.11.0.jar:7.11.0]
	at org.testng.SuiteRunnerWorker.run(SuiteRunnerWorker.java:95) [testng-7.11.0.jar:7.11.0]
	at org.testng.TestNG.runSuitesSequentially(TestNG.java:1274) [testng-7.11.0.jar:7.11.0]
	at org.testng.TestNG.runSuitesLocally(TestNG.java:1208) [testng-7.11.0.jar:7.11.0]
	at org.testng.TestNG.runSuites(TestNG.java:1112) [testng-7.11.0.jar:7.11.0]
	at org.testng.TestNG.run(TestNG.java:1079) [testng-7.11.0.jar:7.11.0]
	at org.apache.maven.surefire.testng.TestNGExecutor.run(TestNGExecutor.java:308) [surefire-testng-3.5.3.jar:3.5.3]
	at org.apache.maven.surefire.testng.TestNGXmlTestSuite.execute(TestNGXmlTestSuite.java:71) [surefire-testng-3.5.3.jar:3.5.3]
	at org.apache.maven.surefire.testng.TestNGProvider.invoke(TestNGProvider.java:113) [surefire-testng-3.5.3.jar:3.5.3]
	at org.apache.maven.surefire.booter.ForkedBooter.runSuitesInProcess(ForkedBooter.java:385) [surefire-booter-3.5.3.jar:3.5.3]
	at org.apache.maven.surefire.booter.ForkedBooter.execute(ForkedBooter.java:162) [surefire-booter-3.5.3.jar:3.5.3]
	at org.apache.maven.surefire.booter.ForkedBooter.run(ForkedBooter.java:507) [surefire-booter-3.5.3.jar:3.5.3]
	at org.apache.maven.surefire.booter.ForkedBooter.main(ForkedBooter.java:495) [surefire-booter-3.5.3.jar:3.5.3]
2026-06-06 17:46:45 [main] INFO  tests.ExcelDrivenRunner - Executing Scenario : TS-ADMIN-004
Visibility timeout. Attempt: 1
Visibility timeout. Attempt: 2
Visibility timeout. Attempt: 3
2026-06-06 17:47:31 [main] ERROR tests.ExcelDrivenRunner - TS-ADMIN-004 FAILED
java.lang.RuntimeException: Element not visible after 3 retries.
	at utils.WaitUtil.waitForVisibility(WaitUtil.java:80) ~[test-classes/:?]
	at utils.ElementActions.type(ElementActions.java:66) ~[test-classes/:?]
	at pages.LoginPage.enterUsername(LoginPage.java:43) ~[test-classes/:?]
	at pages.LoginPage.login(LoginPage.java:67) ~[test-classes/:?]
	at executor.BaseExecutor.login(BaseExecutor.java:35) ~[test-classes/:?]
	at executor.AdminExecutor.executeAddUserPage(AdminExecutor.java:121) ~[test-classes/:?]
	at executor.AdminExecutor.execute(AdminExecutor.java:26) ~[test-classes/:?]
	at executor.ScenarioExecutor.execute(ScenarioExecutor.java:23) ~[test-classes/:?]
	at tests.ExcelDrivenRunner.executeScenariosFromExcel(ExcelDrivenRunner.java:65) [test-classes/:?]
	at java.base/jdk.internal.reflect.DirectMethodHandleAccessor.invoke(DirectMethodHandleAccessor.java:104) ~[?:?]
	at java.base/java.lang.reflect.Method.invoke(Method.java:565) ~[?:?]
	at org.testng.internal.invokers.MethodInvocationHelper.invokeMethod(MethodInvocationHelper.java:141) [testng-7.11.0.jar:7.11.0]
	at org.testng.internal.invokers.TestInvoker.invokeMethod(TestInvoker.java:687) [testng-7.11.0.jar:7.11.0]
	at org.testng.internal.invokers.TestInvoker.invokeTestMethod(TestInvoker.java:230) [testng-7.11.0.jar:7.11.0]
	at org.testng.internal.invokers.MethodRunner.runInSequence(MethodRunner.java:63) [testng-7.11.0.jar:7.11.0]
	at org.testng.internal.invokers.TestInvoker$MethodInvocationAgent.invoke(TestInvoker.java:995) [testng-7.11.0.jar:7.11.0]
	at org.testng.internal.invokers.TestInvoker.invokeTestMethods(TestInvoker.java:203) [testng-7.11.0.jar:7.11.0]
	at org.testng.internal.invokers.TestMethodWorker.invokeTestMethods(TestMethodWorker.java:154) [testng-7.11.0.jar:7.11.0]
	at org.testng.internal.invokers.TestMethodWorker.run(TestMethodWorker.java:134) [testng-7.11.0.jar:7.11.0]
	at java.base/java.util.ArrayList.forEach(ArrayList.java:1604) [?:?]
	at org.testng.TestRunner.privateRun(TestRunner.java:741) [testng-7.11.0.jar:7.11.0]
	at org.testng.TestRunner.run(TestRunner.java:616) [testng-7.11.0.jar:7.11.0]
	at org.testng.SuiteRunner.runTest(SuiteRunner.java:421) [testng-7.11.0.jar:7.11.0]
	at org.testng.SuiteRunner.runSequentially(SuiteRunner.java:413) [testng-7.11.0.jar:7.11.0]
	at org.testng.SuiteRunner.privateRun(SuiteRunner.java:373) [testng-7.11.0.jar:7.11.0]
	at org.testng.SuiteRunner.run(SuiteRunner.java:312) [testng-7.11.0.jar:7.11.0]
	at org.testng.SuiteRunnerWorker.runSuite(SuiteRunnerWorker.java:52) [testng-7.11.0.jar:7.11.0]
	at org.testng.SuiteRunnerWorker.run(SuiteRunnerWorker.java:95) [testng-7.11.0.jar:7.11.0]
	at org.testng.TestNG.runSuitesSequentially(TestNG.java:1274) [testng-7.11.0.jar:7.11.0]
	at org.testng.TestNG.runSuitesLocally(TestNG.java:1208) [testng-7.11.0.jar:7.11.0]
	at org.testng.TestNG.runSuites(TestNG.java:1112) [testng-7.11.0.jar:7.11.0]
	at org.testng.TestNG.run(TestNG.java:1079) [testng-7.11.0.jar:7.11.0]
	at org.apache.maven.surefire.testng.TestNGExecutor.run(TestNGExecutor.java:308) [surefire-testng-3.5.3.jar:3.5.3]
	at org.apache.maven.surefire.testng.TestNGXmlTestSuite.execute(TestNGXmlTestSuite.java:71) [surefire-testng-3.5.3.jar:3.5.3]
	at org.apache.maven.surefire.testng.TestNGProvider.invoke(TestNGProvider.java:113) [surefire-testng-3.5.3.jar:3.5.3]
	at org.apache.maven.surefire.booter.ForkedBooter.runSuitesInProcess(ForkedBooter.java:385) [surefire-booter-3.5.3.jar:3.5.3]
	at org.apache.maven.surefire.booter.ForkedBooter.execute(ForkedBooter.java:162) [surefire-booter-3.5.3.jar:3.5.3]
	at org.apache.maven.surefire.booter.ForkedBooter.run(ForkedBooter.java:507) [surefire-booter-3.5.3.jar:3.5.3]
	at org.apache.maven.surefire.booter.ForkedBooter.main(ForkedBooter.java:495) [surefire-booter-3.5.3.jar:3.5.3]
2026-06-06 17:47:31 [main] INFO  tests.ExcelDrivenRunner - Executing Scenario : TS-ADMIN-005
2026-06-06 17:47:31 [main] INFO  tests.ExcelDrivenRunner - TS-ADMIN-005 PASSED
2026-06-06 17:47:31 [main] INFO  tests.ExcelDrivenRunner - Executing Scenario : TS-PIM-001
Visibility timeout. Attempt: 1
Visibility timeout. Attempt: 2
Visibility timeout. Attempt: 3
2026-06-06 17:48:18 [main] ERROR tests.ExcelDrivenRunner - TS-PIM-001 FAILED
java.lang.RuntimeException: Element not visible after 3 retries.
	at utils.WaitUtil.waitForVisibility(WaitUtil.java:80) ~[test-classes/:?]
	at utils.ElementActions.type(ElementActions.java:66) ~[test-classes/:?]
	at pages.LoginPage.enterUsername(LoginPage.java:43) ~[test-classes/:?]
	at pages.LoginPage.login(LoginPage.java:67) ~[test-classes/:?]
	at executor.BaseExecutor.login(BaseExecutor.java:35) ~[test-classes/:?]
	at executor.PIMExecutor.openPIM(PIMExecutor.java:41) ~[test-classes/:?]
	at executor.PIMExecutor.executeAddEmployee(PIMExecutor.java:54) ~[test-classes/:?]
	at executor.PIMExecutor.execute(PIMExecutor.java:20) ~[test-classes/:?]
	at executor.ScenarioExecutor.execute(ScenarioExecutor.java:19) ~[test-classes/:?]
	at tests.ExcelDrivenRunner.executeScenariosFromExcel(ExcelDrivenRunner.java:65) [test-classes/:?]
	at java.base/jdk.internal.reflect.DirectMethodHandleAccessor.invoke(DirectMethodHandleAccessor.java:104) ~[?:?]
	at java.base/java.lang.reflect.Method.invoke(Method.java:565) ~[?:?]
	at org.testng.internal.invokers.MethodInvocationHelper.invokeMethod(MethodInvocationHelper.java:141) [testng-7.11.0.jar:7.11.0]
	at org.testng.internal.invokers.TestInvoker.invokeMethod(TestInvoker.java:687) [testng-7.11.0.jar:7.11.0]
	at org.testng.internal.invokers.TestInvoker.invokeTestMethod(TestInvoker.java:230) [testng-7.11.0.jar:7.11.0]
	at org.testng.internal.invokers.MethodRunner.runInSequence(MethodRunner.java:63) [testng-7.11.0.jar:7.11.0]
	at org.testng.internal.invokers.TestInvoker$MethodInvocationAgent.invoke(TestInvoker.java:995) [testng-7.11.0.jar:7.11.0]
	at org.testng.internal.invokers.TestInvoker.invokeTestMethods(TestInvoker.java:203) [testng-7.11.0.jar:7.11.0]
	at org.testng.internal.invokers.TestMethodWorker.invokeTestMethods(TestMethodWorker.java:154) [testng-7.11.0.jar:7.11.0]
	at org.testng.internal.invokers.TestMethodWorker.run(TestMethodWorker.java:134) [testng-7.11.0.jar:7.11.0]
	at java.base/java.util.ArrayList.forEach(ArrayList.java:1604) [?:?]
	at org.testng.TestRunner.privateRun(TestRunner.java:741) [testng-7.11.0.jar:7.11.0]
	at org.testng.TestRunner.run(TestRunner.java:616) [testng-7.11.0.jar:7.11.0]
	at org.testng.SuiteRunner.runTest(SuiteRunner.java:421) [testng-7.11.0.jar:7.11.0]
	at org.testng.SuiteRunner.runSequentially(SuiteRunner.java:413) [testng-7.11.0.jar:7.11.0]
	at org.testng.SuiteRunner.privateRun(SuiteRunner.java:373) [testng-7.11.0.jar:7.11.0]
	at org.testng.SuiteRunner.run(SuiteRunner.java:312) [testng-7.11.0.jar:7.11.0]
	at org.testng.SuiteRunnerWorker.runSuite(SuiteRunnerWorker.java:52) [testng-7.11.0.jar:7.11.0]
	at org.testng.SuiteRunnerWorker.run(SuiteRunnerWorker.java:95) [testng-7.11.0.jar:7.11.0]
	at org.testng.TestNG.runSuitesSequentially(TestNG.java:1274) [testng-7.11.0.jar:7.11.0]
	at org.testng.TestNG.runSuitesLocally(TestNG.java:1208) [testng-7.11.0.jar:7.11.0]
	at org.testng.TestNG.runSuites(TestNG.java:1112) [testng-7.11.0.jar:7.11.0]
	at org.testng.TestNG.run(TestNG.java:1079) [testng-7.11.0.jar:7.11.0]
	at org.apache.maven.surefire.testng.TestNGExecutor.run(TestNGExecutor.java:308) [surefire-testng-3.5.3.jar:3.5.3]
	at org.apache.maven.surefire.testng.TestNGXmlTestSuite.execute(TestNGXmlTestSuite.java:71) [surefire-testng-3.5.3.jar:3.5.3]
	at org.apache.maven.surefire.testng.TestNGProvider.invoke(TestNGProvider.java:113) [surefire-testng-3.5.3.jar:3.5.3]
	at org.apache.maven.surefire.booter.ForkedBooter.runSuitesInProcess(ForkedBooter.java:385) [surefire-booter-3.5.3.jar:3.5.3]
	at org.apache.maven.surefire.booter.ForkedBooter.execute(ForkedBooter.java:162) [surefire-booter-3.5.3.jar:3.5.3]
	at org.apache.maven.surefire.booter.ForkedBooter.run(ForkedBooter.java:507) [surefire-booter-3.5.3.jar:3.5.3]
	at org.apache.maven.surefire.booter.ForkedBooter.main(ForkedBooter.java:495) [surefire-booter-3.5.3.jar:3.5.3]
2026-06-06 17:48:18 [main] INFO  tests.ExcelDrivenRunner - Executing Scenario : TS-PIM-002
Visibility timeout. Attempt: 1
Visibility timeout. Attempt: 2
Visibility timeout. Attempt: 3
2026-06-06 17:49:05 [main] ERROR tests.ExcelDrivenRunner - TS-PIM-002 FAILED
java.lang.RuntimeException: Element not visible after 3 retries.
	at utils.WaitUtil.waitForVisibility(WaitUtil.java:80) ~[test-classes/:?]
	at utils.ElementActions.type(ElementActions.java:66) ~[test-classes/:?]
	at pages.LoginPage.enterUsername(LoginPage.java:43) ~[test-classes/:?]
	at pages.LoginPage.login(LoginPage.java:67) ~[test-classes/:?]
	at executor.BaseExecutor.login(BaseExecutor.java:35) ~[test-classes/:?]
	at executor.PIMExecutor.openPIM(PIMExecutor.java:41) ~[test-classes/:?]
	at executor.PIMExecutor.executeEditEmployee(PIMExecutor.java:68) ~[test-classes/:?]
	at executor.PIMExecutor.execute(PIMExecutor.java:23) ~[test-classes/:?]
	at executor.ScenarioExecutor.execute(ScenarioExecutor.java:19) ~[test-classes/:?]
	at tests.ExcelDrivenRunner.executeScenariosFromExcel(ExcelDrivenRunner.java:65) [test-classes/:?]
	at java.base/jdk.internal.reflect.DirectMethodHandleAccessor.invoke(DirectMethodHandleAccessor.java:104) ~[?:?]
	at java.base/java.lang.reflect.Method.invoke(Method.java:565) ~[?:?]
	at org.testng.internal.invokers.MethodInvocationHelper.invokeMethod(MethodInvocationHelper.java:141) [testng-7.11.0.jar:7.11.0]
	at org.testng.internal.invokers.TestInvoker.invokeMethod(TestInvoker.java:687) [testng-7.11.0.jar:7.11.0]
	at org.testng.internal.invokers.TestInvoker.invokeTestMethod(TestInvoker.java:230) [testng-7.11.0.jar:7.11.0]
	at org.testng.internal.invokers.MethodRunner.runInSequence(MethodRunner.java:63) [testng-7.11.0.jar:7.11.0]
	at org.testng.internal.invokers.TestInvoker$MethodInvocationAgent.invoke(TestInvoker.java:995) [testng-7.11.0.jar:7.11.0]
	at org.testng.internal.invokers.TestInvoker.invokeTestMethods(TestInvoker.java:203) [testng-7.11.0.jar:7.11.0]
	at org.testng.internal.invokers.TestMethodWorker.invokeTestMethods(TestMethodWorker.java:154) [testng-7.11.0.jar:7.11.0]
	at org.testng.internal.invokers.TestMethodWorker.run(TestMethodWorker.java:134) [testng-7.11.0.jar:7.11.0]
	at java.base/java.util.ArrayList.forEach(ArrayList.java:1604) [?:?]
	at org.testng.TestRunner.privateRun(TestRunner.java:741) [testng-7.11.0.jar:7.11.0]
	at org.testng.TestRunner.run(TestRunner.java:616) [testng-7.11.0.jar:7.11.0]
	at org.testng.SuiteRunner.runTest(SuiteRunner.java:421) [testng-7.11.0.jar:7.11.0]
	at org.testng.SuiteRunner.runSequentially(SuiteRunner.java:413) [testng-7.11.0.jar:7.11.0]
	at org.testng.SuiteRunner.privateRun(SuiteRunner.java:373) [testng-7.11.0.jar:7.11.0]
	at org.testng.SuiteRunner.run(SuiteRunner.java:312) [testng-7.11.0.jar:7.11.0]
	at org.testng.SuiteRunnerWorker.runSuite(SuiteRunnerWorker.java:52) [testng-7.11.0.jar:7.11.0]
	at org.testng.SuiteRunnerWorker.run(SuiteRunnerWorker.java:95) [testng-7.11.0.jar:7.11.0]
	at org.testng.TestNG.runSuitesSequentially(TestNG.java:1274) [testng-7.11.0.jar:7.11.0]
	at org.testng.TestNG.runSuitesLocally(TestNG.java:1208) [testng-7.11.0.jar:7.11.0]
	at org.testng.TestNG.runSuites(TestNG.java:1112) [testng-7.11.0.jar:7.11.0]
	at org.testng.TestNG.run(TestNG.java:1079) [testng-7.11.0.jar:7.11.0]
	at org.apache.maven.surefire.testng.TestNGExecutor.run(TestNGExecutor.java:308) [surefire-testng-3.5.3.jar:3.5.3]
	at org.apache.maven.surefire.testng.TestNGXmlTestSuite.execute(TestNGXmlTestSuite.java:71) [surefire-testng-3.5.3.jar:3.5.3]
	at org.apache.maven.surefire.testng.TestNGProvider.invoke(TestNGProvider.java:113) [surefire-testng-3.5.3.jar:3.5.3]
	at org.apache.maven.surefire.booter.ForkedBooter.runSuitesInProcess(ForkedBooter.java:385) [surefire-booter-3.5.3.jar:3.5.3]
	at org.apache.maven.surefire.booter.ForkedBooter.execute(ForkedBooter.java:162) [surefire-booter-3.5.3.jar:3.5.3]
	at org.apache.maven.surefire.booter.ForkedBooter.run(ForkedBooter.java:507) [surefire-booter-3.5.3.jar:3.5.3]
	at org.apache.maven.surefire.booter.ForkedBooter.main(ForkedBooter.java:495) [surefire-booter-3.5.3.jar:3.5.3]
2026-06-06 17:49:05 [main] INFO  tests.ExcelDrivenRunner - Executing Scenario : TS-PIM-003
Visibility timeout. Attempt: 1
Visibility timeout. Attempt: 2
Visibility timeout. Attempt: 3
2026-06-06 17:49:51 [main] ERROR tests.ExcelDrivenRunner - TS-PIM-003 FAILED
java.lang.RuntimeException: Element not visible after 3 retries.
	at utils.WaitUtil.waitForVisibility(WaitUtil.java:80) ~[test-classes/:?]
	at utils.ElementActions.type(ElementActions.java:66) ~[test-classes/:?]
	at pages.LoginPage.enterUsername(LoginPage.java:43) ~[test-classes/:?]
	at pages.LoginPage.login(LoginPage.java:67) ~[test-classes/:?]
	at executor.BaseExecutor.login(BaseExecutor.java:35) ~[test-classes/:?]
	at executor.PIMExecutor.openPIM(PIMExecutor.java:41) ~[test-classes/:?]
	at executor.PIMExecutor.executeSearchEmployee(PIMExecutor.java:81) ~[test-classes/:?]
	at executor.PIMExecutor.execute(PIMExecutor.java:26) ~[test-classes/:?]
	at executor.ScenarioExecutor.execute(ScenarioExecutor.java:19) ~[test-classes/:?]
	at tests.ExcelDrivenRunner.executeScenariosFromExcel(ExcelDrivenRunner.java:65) [test-classes/:?]
	at java.base/jdk.internal.reflect.DirectMethodHandleAccessor.invoke(DirectMethodHandleAccessor.java:104) ~[?:?]
	at java.base/java.lang.reflect.Method.invoke(Method.java:565) ~[?:?]
	at org.testng.internal.invokers.MethodInvocationHelper.invokeMethod(MethodInvocationHelper.java:141) [testng-7.11.0.jar:7.11.0]
	at org.testng.internal.invokers.TestInvoker.invokeMethod(TestInvoker.java:687) [testng-7.11.0.jar:7.11.0]
	at org.testng.internal.invokers.TestInvoker.invokeTestMethod(TestInvoker.java:230) [testng-7.11.0.jar:7.11.0]
	at org.testng.internal.invokers.MethodRunner.runInSequence(MethodRunner.java:63) [testng-7.11.0.jar:7.11.0]
	at org.testng.internal.invokers.TestInvoker$MethodInvocationAgent.invoke(TestInvoker.java:995) [testng-7.11.0.jar:7.11.0]
	at org.testng.internal.invokers.TestInvoker.invokeTestMethods(TestInvoker.java:203) [testng-7.11.0.jar:7.11.0]
	at org.testng.internal.invokers.TestMethodWorker.invokeTestMethods(TestMethodWorker.java:154) [testng-7.11.0.jar:7.11.0]
	at org.testng.internal.invokers.TestMethodWorker.run(TestMethodWorker.java:134) [testng-7.11.0.jar:7.11.0]
	at java.base/java.util.ArrayList.forEach(ArrayList.java:1604) [?:?]
	at org.testng.TestRunner.privateRun(TestRunner.java:741) [testng-7.11.0.jar:7.11.0]
	at org.testng.TestRunner.run(TestRunner.java:616) [testng-7.11.0.jar:7.11.0]
	at org.testng.SuiteRunner.runTest(SuiteRunner.java:421) [testng-7.11.0.jar:7.11.0]
	at org.testng.SuiteRunner.runSequentially(SuiteRunner.java:413) [testng-7.11.0.jar:7.11.0]
	at org.testng.SuiteRunner.privateRun(SuiteRunner.java:373) [testng-7.11.0.jar:7.11.0]
	at org.testng.SuiteRunner.run(SuiteRunner.java:312) [testng-7.11.0.jar:7.11.0]
	at org.testng.SuiteRunnerWorker.runSuite(SuiteRunnerWorker.java:52) [testng-7.11.0.jar:7.11.0]
	at org.testng.SuiteRunnerWorker.run(SuiteRunnerWorker.java:95) [testng-7.11.0.jar:7.11.0]
	at org.testng.TestNG.runSuitesSequentially(TestNG.java:1274) [testng-7.11.0.jar:7.11.0]
	at org.testng.TestNG.runSuitesLocally(TestNG.java:1208) [testng-7.11.0.jar:7.11.0]
	at org.testng.TestNG.runSuites(TestNG.java:1112) [testng-7.11.0.jar:7.11.0]
	at org.testng.TestNG.run(TestNG.java:1079) [testng-7.11.0.jar:7.11.0]
	at org.apache.maven.surefire.testng.TestNGExecutor.run(TestNGExecutor.java:308) [surefire-testng-3.5.3.jar:3.5.3]
	at org.apache.maven.surefire.testng.TestNGXmlTestSuite.execute(TestNGXmlTestSuite.java:71) [surefire-testng-3.5.3.jar:3.5.3]
	at org.apache.maven.surefire.testng.TestNGProvider.invoke(TestNGProvider.java:113) [surefire-testng-3.5.3.jar:3.5.3]
	at org.apache.maven.surefire.booter.ForkedBooter.runSuitesInProcess(ForkedBooter.java:385) [surefire-booter-3.5.3.jar:3.5.3]
	at org.apache.maven.surefire.booter.ForkedBooter.execute(ForkedBooter.java:162) [surefire-booter-3.5.3.jar:3.5.3]
	at org.apache.maven.surefire.booter.ForkedBooter.run(ForkedBooter.java:507) [surefire-booter-3.5.3.jar:3.5.3]
	at org.apache.maven.surefire.booter.ForkedBooter.main(ForkedBooter.java:495) [surefire-booter-3.5.3.jar:3.5.3]
2026-06-06 17:49:51 [main] INFO  tests.ExcelDrivenRunner - Executing Scenario : TS-PIM-004
Visibility timeout. Attempt: 1
Visibility timeout. Attempt: 2
Visibility timeout. Attempt: 3
2026-06-06 17:50:38 [main] ERROR tests.ExcelDrivenRunner - TS-PIM-004 FAILED
java.lang.RuntimeException: Element not visible after 3 retries.
	at utils.WaitUtil.waitForVisibility(WaitUtil.java:80) ~[test-classes/:?]
	at utils.ElementActions.type(ElementActions.java:66) ~[test-classes/:?]
	at pages.LoginPage.enterUsername(LoginPage.java:43) ~[test-classes/:?]
	at pages.LoginPage.login(LoginPage.java:67) ~[test-classes/:?]
	at executor.BaseExecutor.login(BaseExecutor.java:35) ~[test-classes/:?]
	at executor.PIMExecutor.openPIM(PIMExecutor.java:41) ~[test-classes/:?]
	at executor.PIMExecutor.executeDeleteEmployee(PIMExecutor.java:94) ~[test-classes/:?]
	at executor.PIMExecutor.execute(PIMExecutor.java:29) ~[test-classes/:?]
	at executor.ScenarioExecutor.execute(ScenarioExecutor.java:19) ~[test-classes/:?]
	at tests.ExcelDrivenRunner.executeScenariosFromExcel(ExcelDrivenRunner.java:65) [test-classes/:?]
	at java.base/jdk.internal.reflect.DirectMethodHandleAccessor.invoke(DirectMethodHandleAccessor.java:104) ~[?:?]
	at java.base/java.lang.reflect.Method.invoke(Method.java:565) ~[?:?]
	at org.testng.internal.invokers.MethodInvocationHelper.invokeMethod(MethodInvocationHelper.java:141) [testng-7.11.0.jar:7.11.0]
	at org.testng.internal.invokers.TestInvoker.invokeMethod(TestInvoker.java:687) [testng-7.11.0.jar:7.11.0]
	at org.testng.internal.invokers.TestInvoker.invokeTestMethod(TestInvoker.java:230) [testng-7.11.0.jar:7.11.0]
	at org.testng.internal.invokers.MethodRunner.runInSequence(MethodRunner.java:63) [testng-7.11.0.jar:7.11.0]
	at org.testng.internal.invokers.TestInvoker$MethodInvocationAgent.invoke(TestInvoker.java:995) [testng-7.11.0.jar:7.11.0]
	at org.testng.internal.invokers.TestInvoker.invokeTestMethods(TestInvoker.java:203) [testng-7.11.0.jar:7.11.0]
	at org.testng.internal.invokers.TestMethodWorker.invokeTestMethods(TestMethodWorker.java:154) [testng-7.11.0.jar:7.11.0]
	at org.testng.internal.invokers.TestMethodWorker.run(TestMethodWorker.java:134) [testng-7.11.0.jar:7.11.0]
	at java.base/java.util.ArrayList.forEach(ArrayList.java:1604) [?:?]
	at org.testng.TestRunner.privateRun(TestRunner.java:741) [testng-7.11.0.jar:7.11.0]
	at org.testng.TestRunner.run(TestRunner.java:616) [testng-7.11.0.jar:7.11.0]
	at org.testng.SuiteRunner.runTest(SuiteRunner.java:421) [testng-7.11.0.jar:7.11.0]
	at org.testng.SuiteRunner.runSequentially(SuiteRunner.java:413) [testng-7.11.0.jar:7.11.0]
	at org.testng.SuiteRunner.privateRun(SuiteRunner.java:373) [testng-7.11.0.jar:7.11.0]
	at org.testng.SuiteRunner.run(SuiteRunner.java:312) [testng-7.11.0.jar:7.11.0]
	at org.testng.SuiteRunnerWorker.runSuite(SuiteRunnerWorker.java:52) [testng-7.11.0.jar:7.11.0]
	at org.testng.SuiteRunnerWorker.run(SuiteRunnerWorker.java:95) [testng-7.11.0.jar:7.11.0]
	at org.testng.TestNG.runSuitesSequentially(TestNG.java:1274) [testng-7.11.0.jar:7.11.0]
	at org.testng.TestNG.runSuitesLocally(TestNG.java:1208) [testng-7.11.0.jar:7.11.0]
	at org.testng.TestNG.runSuites(TestNG.java:1112) [testng-7.11.0.jar:7.11.0]
	at org.testng.TestNG.run(TestNG.java:1079) [testng-7.11.0.jar:7.11.0]
	at org.apache.maven.surefire.testng.TestNGExecutor.run(TestNGExecutor.java:308) [surefire-testng-3.5.3.jar:3.5.3]
	at org.apache.maven.surefire.testng.TestNGXmlTestSuite.execute(TestNGXmlTestSuite.java:71) [surefire-testng-3.5.3.jar:3.5.3]
	at org.apache.maven.surefire.testng.TestNGProvider.invoke(TestNGProvider.java:113) [surefire-testng-3.5.3.jar:3.5.3]
	at org.apache.maven.surefire.booter.ForkedBooter.runSuitesInProcess(ForkedBooter.java:385) [surefire-booter-3.5.3.jar:3.5.3]
	at org.apache.maven.surefire.booter.ForkedBooter.execute(ForkedBooter.java:162) [surefire-booter-3.5.3.jar:3.5.3]
	at org.apache.maven.surefire.booter.ForkedBooter.run(ForkedBooter.java:507) [surefire-booter-3.5.3.jar:3.5.3]
	at org.apache.maven.surefire.booter.ForkedBooter.main(ForkedBooter.java:495) [surefire-booter-3.5.3.jar:3.5.3]
2026-06-06 17:50:38 [main] INFO  tests.ExcelDrivenRunner - Executing Scenario : TS-PIM-005
Visibility timeout. Attempt: 1
Visibility timeout. Attempt: 2
Visibility timeout. Attempt: 3
2026-06-06 17:51:25 [main] ERROR tests.ExcelDrivenRunner - TS-PIM-005 FAILED
java.lang.RuntimeException: Element not visible after 3 retries.
	at utils.WaitUtil.waitForVisibility(WaitUtil.java:80) ~[test-classes/:?]
	at utils.ElementActions.type(ElementActions.java:66) ~[test-classes/:?]
	at pages.LoginPage.enterUsername(LoginPage.java:43) ~[test-classes/:?]
	at pages.LoginPage.login(LoginPage.java:67) ~[test-classes/:?]
	at executor.BaseExecutor.login(BaseExecutor.java:35) ~[test-classes/:?]
	at executor.PIMExecutor.openPIM(PIMExecutor.java:41) ~[test-classes/:?]
	at executor.PIMExecutor.executeResetSearch(PIMExecutor.java:106) ~[test-classes/:?]
	at executor.PIMExecutor.execute(PIMExecutor.java:32) ~[test-classes/:?]
	at executor.ScenarioExecutor.execute(ScenarioExecutor.java:19) ~[test-classes/:?]
	at tests.ExcelDrivenRunner.executeScenariosFromExcel(ExcelDrivenRunner.java:65) [test-classes/:?]
	at java.base/jdk.internal.reflect.DirectMethodHandleAccessor.invoke(DirectMethodHandleAccessor.java:104) ~[?:?]
	at java.base/java.lang.reflect.Method.invoke(Method.java:565) ~[?:?]
	at org.testng.internal.invokers.MethodInvocationHelper.invokeMethod(MethodInvocationHelper.java:141) [testng-7.11.0.jar:7.11.0]
	at org.testng.internal.invokers.TestInvoker.invokeMethod(TestInvoker.java:687) [testng-7.11.0.jar:7.11.0]
	at org.testng.internal.invokers.TestInvoker.invokeTestMethod(TestInvoker.java:230) [testng-7.11.0.jar:7.11.0]
	at org.testng.internal.invokers.MethodRunner.runInSequence(MethodRunner.java:63) [testng-7.11.0.jar:7.11.0]
	at org.testng.internal.invokers.TestInvoker$MethodInvocationAgent.invoke(TestInvoker.java:995) [testng-7.11.0.jar:7.11.0]
	at org.testng.internal.invokers.TestInvoker.invokeTestMethods(TestInvoker.java:203) [testng-7.11.0.jar:7.11.0]
	at org.testng.internal.invokers.TestMethodWorker.invokeTestMethods(TestMethodWorker.java:154) [testng-7.11.0.jar:7.11.0]
	at org.testng.internal.invokers.TestMethodWorker.run(TestMethodWorker.java:134) [testng-7.11.0.jar:7.11.0]
	at java.base/java.util.ArrayList.forEach(ArrayList.java:1604) [?:?]
	at org.testng.TestRunner.privateRun(TestRunner.java:741) [testng-7.11.0.jar:7.11.0]
	at org.testng.TestRunner.run(TestRunner.java:616) [testng-7.11.0.jar:7.11.0]
	at org.testng.SuiteRunner.runTest(SuiteRunner.java:421) [testng-7.11.0.jar:7.11.0]
	at org.testng.SuiteRunner.runSequentially(SuiteRunner.java:413) [testng-7.11.0.jar:7.11.0]
	at org.testng.SuiteRunner.privateRun(SuiteRunner.java:373) [testng-7.11.0.jar:7.11.0]
	at org.testng.SuiteRunner.run(SuiteRunner.java:312) [testng-7.11.0.jar:7.11.0]
	at org.testng.SuiteRunnerWorker.runSuite(SuiteRunnerWorker.java:52) [testng-7.11.0.jar:7.11.0]
	at org.testng.SuiteRunnerWorker.run(SuiteRunnerWorker.java:95) [testng-7.11.0.jar:7.11.0]
	at org.testng.TestNG.runSuitesSequentially(TestNG.java:1274) [testng-7.11.0.jar:7.11.0]
	at org.testng.TestNG.runSuitesLocally(TestNG.java:1208) [testng-7.11.0.jar:7.11.0]
	at org.testng.TestNG.runSuites(TestNG.java:1112) [testng-7.11.0.jar:7.11.0]
	at org.testng.TestNG.run(TestNG.java:1079) [testng-7.11.0.jar:7.11.0]
	at org.apache.maven.surefire.testng.TestNGExecutor.run(TestNGExecutor.java:308) [surefire-testng-3.5.3.jar:3.5.3]
	at org.apache.maven.surefire.testng.TestNGXmlTestSuite.execute(TestNGXmlTestSuite.java:71) [surefire-testng-3.5.3.jar:3.5.3]
	at org.apache.maven.surefire.testng.TestNGProvider.invoke(TestNGProvider.java:113) [surefire-testng-3.5.3.jar:3.5.3]
	at org.apache.maven.surefire.booter.ForkedBooter.runSuitesInProcess(ForkedBooter.java:385) [surefire-booter-3.5.3.jar:3.5.3]
	at org.apache.maven.surefire.booter.ForkedBooter.execute(ForkedBooter.java:162) [surefire-booter-3.5.3.jar:3.5.3]
	at org.apache.maven.surefire.booter.ForkedBooter.run(ForkedBooter.java:507) [surefire-booter-3.5.3.jar:3.5.3]
	at org.apache.maven.surefire.booter.ForkedBooter.main(ForkedBooter.java:495) [surefire-booter-3.5.3.jar:3.5.3]
2026-06-06 17:51:25 [main] INFO  tests.ExcelDrivenRunner - Executing Scenario : TS-LEAVE-001
Visibility timeout. Attempt: 1
Visibility timeout. Attempt: 2
Visibility timeout. Attempt: 3
2026-06-06 17:52:11 [main] ERROR tests.ExcelDrivenRunner - TS-LEAVE-001 FAILED
java.lang.RuntimeException: Element not visible after 3 retries.
	at utils.WaitUtil.waitForVisibility(WaitUtil.java:80) ~[test-classes/:?]
	at utils.ElementActions.type(ElementActions.java:66) ~[test-classes/:?]
	at pages.LoginPage.enterUsername(LoginPage.java:43) ~[test-classes/:?]
	at pages.LoginPage.login(LoginPage.java:67) ~[test-classes/:?]
	at executor.BaseExecutor.login(BaseExecutor.java:35) ~[test-classes/:?]
	at executor.LeaveExecutor.openLeave(LeaveExecutor.java:39) ~[test-classes/:?]
	at executor.LeaveExecutor.executeLeavePageVerification(LeaveExecutor.java:51) ~[test-classes/:?]
	at executor.LeaveExecutor.execute(LeaveExecutor.java:18) ~[test-classes/:?]
	at executor.ScenarioExecutor.execute(ScenarioExecutor.java:31) ~[test-classes/:?]
	at tests.ExcelDrivenRunner.executeScenariosFromExcel(ExcelDrivenRunner.java:65) [test-classes/:?]
	at java.base/jdk.internal.reflect.DirectMethodHandleAccessor.invoke(DirectMethodHandleAccessor.java:104) ~[?:?]
	at java.base/java.lang.reflect.Method.invoke(Method.java:565) ~[?:?]
	at org.testng.internal.invokers.MethodInvocationHelper.invokeMethod(MethodInvocationHelper.java:141) [testng-7.11.0.jar:7.11.0]
	at org.testng.internal.invokers.TestInvoker.invokeMethod(TestInvoker.java:687) [testng-7.11.0.jar:7.11.0]
	at org.testng.internal.invokers.TestInvoker.invokeTestMethod(TestInvoker.java:230) [testng-7.11.0.jar:7.11.0]
	at org.testng.internal.invokers.MethodRunner.runInSequence(MethodRunner.java:63) [testng-7.11.0.jar:7.11.0]
	at org.testng.internal.invokers.TestInvoker$MethodInvocationAgent.invoke(TestInvoker.java:995) [testng-7.11.0.jar:7.11.0]
	at org.testng.internal.invokers.TestInvoker.invokeTestMethods(TestInvoker.java:203) [testng-7.11.0.jar:7.11.0]
	at org.testng.internal.invokers.TestMethodWorker.invokeTestMethods(TestMethodWorker.java:154) [testng-7.11.0.jar:7.11.0]
	at org.testng.internal.invokers.TestMethodWorker.run(TestMethodWorker.java:134) [testng-7.11.0.jar:7.11.0]
	at java.base/java.util.ArrayList.forEach(ArrayList.java:1604) [?:?]
	at org.testng.TestRunner.privateRun(TestRunner.java:741) [testng-7.11.0.jar:7.11.0]
	at org.testng.TestRunner.run(TestRunner.java:616) [testng-7.11.0.jar:7.11.0]
	at org.testng.SuiteRunner.runTest(SuiteRunner.java:421) [testng-7.11.0.jar:7.11.0]
	at org.testng.SuiteRunner.runSequentially(SuiteRunner.java:413) [testng-7.11.0.jar:7.11.0]
	at org.testng.SuiteRunner.privateRun(SuiteRunner.java:373) [testng-7.11.0.jar:7.11.0]
	at org.testng.SuiteRunner.run(SuiteRunner.java:312) [testng-7.11.0.jar:7.11.0]
	at org.testng.SuiteRunnerWorker.runSuite(SuiteRunnerWorker.java:52) [testng-7.11.0.jar:7.11.0]
	at org.testng.SuiteRunnerWorker.run(SuiteRunnerWorker.java:95) [testng-7.11.0.jar:7.11.0]
	at org.testng.TestNG.runSuitesSequentially(TestNG.java:1274) [testng-7.11.0.jar:7.11.0]
	at org.testng.TestNG.runSuitesLocally(TestNG.java:1208) [testng-7.11.0.jar:7.11.0]
	at org.testng.TestNG.runSuites(TestNG.java:1112) [testng-7.11.0.jar:7.11.0]
	at org.testng.TestNG.run(TestNG.java:1079) [testng-7.11.0.jar:7.11.0]
	at org.apache.maven.surefire.testng.TestNGExecutor.run(TestNGExecutor.java:308) [surefire-testng-3.5.3.jar:3.5.3]
	at org.apache.maven.surefire.testng.TestNGXmlTestSuite.execute(TestNGXmlTestSuite.java:71) [surefire-testng-3.5.3.jar:3.5.3]
	at org.apache.maven.surefire.testng.TestNGProvider.invoke(TestNGProvider.java:113) [surefire-testng-3.5.3.jar:3.5.3]
	at org.apache.maven.surefire.booter.ForkedBooter.runSuitesInProcess(ForkedBooter.java:385) [surefire-booter-3.5.3.jar:3.5.3]
	at org.apache.maven.surefire.booter.ForkedBooter.execute(ForkedBooter.java:162) [surefire-booter-3.5.3.jar:3.5.3]
	at org.apache.maven.surefire.booter.ForkedBooter.run(ForkedBooter.java:507) [surefire-booter-3.5.3.jar:3.5.3]
	at org.apache.maven.surefire.booter.ForkedBooter.main(ForkedBooter.java:495) [surefire-booter-3.5.3.jar:3.5.3]
2026-06-06 17:52:11 [main] INFO  tests.ExcelDrivenRunner - Executing Scenario : TS-LEAVE-002
Visibility timeout. Attempt: 1
Visibility timeout. Attempt: 2
Visibility timeout. Attempt: 3
[...]
	at org.testng.internal.invokers.TestMethodWorker.run(TestMethodWorker.java:134) [testng-7.11.0.jar:7.11.0]
	at java.base/java.util.ArrayList.forEach(ArrayList.java:1604) [?:?]
	at org.testng.TestRunner.privateRun(TestRunner.java:741) [testng-7.11.0.jar:7.11.0]
	at org.testng.TestRunner.run(TestRunner.java:616) [testng-7.11.0.jar:7.11.0]
	at org.testng.SuiteRunner.runTest(SuiteRunner.java:421) [testng-7.11.0.jar:7.11.0]
	at org.testng.SuiteRunner.runSequentially(SuiteRunner.java:413) [testng-7.11.0.jar:7.11.0]
	at org.testng.SuiteRunner.privateRun(SuiteRunner.java:373) [testng-7.11.0.jar:7.11.0]
	at org.testng.SuiteRunner.run(SuiteRunner.java:312) [testng-7.11.0.jar:7.11.0]
	at org.testng.SuiteRunnerWorker.runSuite(SuiteRunnerWorker.java:52) [testng-7.11.0.jar:7.11.0]
	at org.testng.SuiteRunnerWorker.run(SuiteRunnerWorker.java:95) [testng-7.11.0.jar:7.11.0]
	at org.testng.TestNG.runSuitesSequentially(TestNG.java:1274) [testng-7.11.0.jar:7.11.0]
	at org.testng.TestNG.runSuitesLocally(TestNG.java:1208) [testng-7.11.0.jar:7.11.0]
	at org.testng.TestNG.runSuites(TestNG.java:1112) [testng-7.11.0.jar:7.11.0]
	at org.testng.TestNG.run(TestNG.java:1079) [testng-7.11.0.jar:7.11.0]
	at org.apache.maven.surefire.testng.TestNGExecutor.run(TestNGExecutor.java:308) [surefire-testng-3.5.3.jar:3.5.3]
	at org.apache.maven.surefire.testng.TestNGXmlTestSuite.execute(TestNGXmlTestSuite.java:71) [surefire-testng-3.5.3.jar:3.5.3]
	at org.apache.maven.surefire.testng.TestNGProvider.invoke(TestNGProvider.java:113) [surefire-testng-3.5.3.jar:3.5.3]
	at org.apache.maven.surefire.booter.ForkedBooter.runSuitesInProcess(ForkedBooter.java:385) [surefire-booter-3.5.3.jar:3.5.3]
	at org.apache.maven.surefire.booter.ForkedBooter.execute(ForkedBooter.java:162) [surefire-booter-3.5.3.jar:3.5.3]
	at org.apache.maven.surefire.booter.ForkedBooter.run(ForkedBooter.java:507) [surefire-booter-3.5.3.jar:3.5.3]
	at org.apache.maven.surefire.booter.ForkedBooter.main(ForkedBooter.java:495) [surefire-booter-3.5.3.jar:3.5.3]
2026-06-06 18:34:49 [main] INFO  tests.ExcelDrivenRunner - Executing Scenario : TS-LGOUT-003
Visibility timeout. Attempt: 1
Visibility timeout. Attempt: 2
Visibility timeout. Attempt: 3
2026-06-06 18:35:36 [main] ERROR tests.ExcelDrivenRunner - TS-LGOUT-003 FAILED
java.lang.RuntimeException: Element not visible after 3 retries.
	at utils.WaitUtil.waitForVisibility(WaitUtil.java:80) ~[test-classes/:?]
	at utils.ElementActions.type(ElementActions.java:66) ~[test-classes/:?]
	at pages.LoginPage.enterUsername(LoginPage.java:43) ~[test-classes/:?]
	at pages.LoginPage.login(LoginPage.java:67) ~[test-classes/:?]
	at executor.BaseExecutor.login(BaseExecutor.java:35) ~[test-classes/:?]
	at executor.LogoutExecutor.executeLogout(LogoutExecutor.java:30) ~[test-classes/:?]
	at executor.LogoutExecutor.execute(LogoutExecutor.java:21) ~[test-classes/:?]
	at executor.ScenarioExecutor.execute(ScenarioExecutor.java:39) ~[test-classes/:?]
	at tests.ExcelDrivenRunner.executeScenariosFromExcel(ExcelDrivenRunner.java:65) [test-classes/:?]
	at java.base/jdk.internal.reflect.DirectMethodHandleAccessor.invoke(DirectMethodHandleAccessor.java:104) ~[?:?]
	at java.base/java.lang.reflect.Method.invoke(Method.java:565) ~[?:?]
	at org.testng.internal.invokers.MethodInvocationHelper.invokeMethod(MethodInvocationHelper.java:141) [testng-7.11.0.jar:7.11.0]
	at org.testng.internal.invokers.TestInvoker.invokeMethod(TestInvoker.java:687) [testng-7.11.0.jar:7.11.0]
	at org.testng.internal.invokers.TestInvoker.retryFailed(TestInvoker.java:269) [testng-7.11.0.jar:7.11.0]
	at org.testng.internal.invokers.MethodRunner.runInSequence(MethodRunner.java:76) [testng-7.11.0.jar:7.11.0]
	at org.testng.internal.invokers.TestInvoker$MethodInvocationAgent.invoke(TestInvoker.java:995) [testng-7.11.0.jar:7.11.0]
	at org.testng.internal.invokers.TestInvoker.invokeTestMethods(TestInvoker.java:203) [testng-7.11.0.jar:7.11.0]
	at org.testng.internal.invokers.TestMethodWorker.invokeTestMethods(TestMethodWorker.java:154) [testng-7.11.0.jar:7.11.0]
	at org.testng.internal.invokers.TestMethodWorker.run(TestMethodWorker.java:134) [testng-7.11.0.jar:7.11.0]
	at java.base/java.util.ArrayList.forEach(ArrayList.java:1604) [?:?]
	at org.testng.TestRunner.privateRun(TestRunner.java:741) [testng-7.11.0.jar:7.11.0]
	at org.testng.TestRunner.run(TestRunner.java:616) [testng-7.11.0.jar:7.11.0]
	at org.testng.SuiteRunner.runTest(SuiteRunner.java:421) [testng-7.11.0.jar:7.11.0]
	at org.testng.SuiteRunner.runSequentially(SuiteRunner.java:413) [testng-7.11.0.jar:7.11.0]
	at org.testng.SuiteRunner.privateRun(SuiteRunner.java:373) [testng-7.11.0.jar:7.11.0]
	at org.testng.SuiteRunner.run(SuiteRunner.java:312) [testng-7.11.0.jar:7.11.0]
	at org.testng.SuiteRunnerWorker.runSuite(SuiteRunnerWorker.java:52) [testng-7.11.0.jar:7.11.0]
	at org.testng.SuiteRunnerWorker.run(SuiteRunnerWorker.java:95) [testng-7.11.0.jar:7.11.0]
	at org.testng.TestNG.runSuitesSequentially(TestNG.java:1274) [testng-7.11.0.jar:7.11.0]
	at org.testng.TestNG.runSuitesLocally(TestNG.java:1208) [testng-7.11.0.jar:7.11.0]
	at org.testng.TestNG.runSuites(TestNG.java:1112) [testng-7.11.0.jar:7.11.0]
	at org.testng.TestNG.run(TestNG.java:1079) [testng-7.11.0.jar:7.11.0]
	at org.apache.maven.surefire.testng.TestNGExecutor.run(TestNGExecutor.java:308) [surefire-testng-3.5.3.jar:3.5.3]
	at org.apache.maven.surefire.testng.TestNGXmlTestSuite.execute(TestNGXmlTestSuite.java:71) [surefire-testng-3.5.3.jar:3.5.3]
	at org.apache.maven.surefire.testng.TestNGProvider.invoke(TestNGProvider.java:113) [surefire-testng-3.5.3.jar:3.5.3]
	at org.apache.maven.surefire.booter.ForkedBooter.runSuitesInProcess(ForkedBooter.java:385) [surefire-booter-3.5.3.jar:3.5.3]
	at org.apache.maven.surefire.booter.ForkedBooter.execute(ForkedBooter.java:162) [surefire-booter-3.5.3.jar:3.5.3]
	at org.apache.maven.surefire.booter.ForkedBooter.run(ForkedBooter.java:507) [surefire-booter-3.5.3.jar:3.5.3]
	at org.apache.maven.surefire.booter.ForkedBooter.main(ForkedBooter.java:495) [surefire-booter-3.5.3.jar:3.5.3]
2026-06-06 18:35:36 [main] INFO  tests.ExcelDrivenRunner - Executing Scenario : TS-LGOUT-004
Visibility timeout. Attempt: 1
Visibility timeout. Attempt: 2
Visibility timeout. Attempt: 3
2026-06-06 18:36:23 [main] ERROR tests.ExcelDrivenRunner - TS-LGOUT-004 FAILED
java.lang.RuntimeException: Element not visible after 3 retries.
	at utils.WaitUtil.waitForVisibility(WaitUtil.java:80) ~[test-classes/:?]
	at utils.ElementActions.type(ElementActions.java:66) ~[test-classes/:?]
	at pages.LoginPage.enterUsername(LoginPage.java:43) ~[test-classes/:?]
	at pages.LoginPage.login(LoginPage.java:67) ~[test-classes/:?]
	at executor.BaseExecutor.login(BaseExecutor.java:35) ~[test-classes/:?]
	at executor.LogoutExecutor.executeLogout(LogoutExecutor.java:30) ~[test-classes/:?]
	at executor.LogoutExecutor.execute(LogoutExecutor.java:21) ~[test-classes/:?]
	at executor.ScenarioExecutor.execute(ScenarioExecutor.java:39) ~[test-classes/:?]
	at tests.ExcelDrivenRunner.executeScenariosFromExcel(ExcelDrivenRunner.java:65) [test-classes/:?]
	at java.base/jdk.internal.reflect.DirectMethodHandleAccessor.invoke(DirectMethodHandleAccessor.java:104) ~[?:?]
	at java.base/java.lang.reflect.Method.invoke(Method.java:565) ~[?:?]
	at org.testng.internal.invokers.MethodInvocationHelper.invokeMethod(MethodInvocationHelper.java:141) [testng-7.11.0.jar:7.11.0]
	at org.testng.internal.invokers.TestInvoker.invokeMethod(TestInvoker.java:687) [testng-7.11.0.jar:7.11.0]
	at org.testng.internal.invokers.TestInvoker.retryFailed(TestInvoker.java:269) [testng-7.11.0.jar:7.11.0]
	at org.testng.internal.invokers.MethodRunner.runInSequence(MethodRunner.java:76) [testng-7.11.0.jar:7.11.0]
	at org.testng.internal.invokers.TestInvoker$MethodInvocationAgent.invoke(TestInvoker.java:995) [testng-7.11.0.jar:7.11.0]
	at org.testng.internal.invokers.TestInvoker.invokeTestMethods(TestInvoker.java:203) [testng-7.11.0.jar:7.11.0]
	at org.testng.internal.invokers.TestMethodWorker.invokeTestMethods(TestMethodWorker.java:154) [testng-7.11.0.jar:7.11.0]
	at org.testng.internal.invokers.TestMethodWorker.run(TestMethodWorker.java:134) [testng-7.11.0.jar:7.11.0]
	at java.base/java.util.ArrayList.forEach(ArrayList.java:1604) [?:?]
	at org.testng.TestRunner.privateRun(TestRunner.java:741) [testng-7.11.0.jar:7.11.0]
	at org.testng.TestRunner.run(TestRunner.java:616) [testng-7.11.0.jar:7.11.0]
	at org.testng.SuiteRunner.runTest(SuiteRunner.java:421) [testng-7.11.0.jar:7.11.0]
	at org.testng.SuiteRunner.runSequentially(SuiteRunner.java:413) [testng-7.11.0.jar:7.11.0]
	at org.testng.SuiteRunner.privateRun(SuiteRunner.java:373) [testng-7.11.0.jar:7.11.0]
	at org.testng.SuiteRunner.run(SuiteRunner.java:312) [testng-7.11.0.jar:7.11.0]
	at org.testng.SuiteRunnerWorker.runSuite(SuiteRunnerWorker.java:52) [testng-7.11.0.jar:7.11.0]
	at org.testng.SuiteRunnerWorker.run(SuiteRunnerWorker.java:95) [testng-7.11.0.jar:7.11.0]
	at org.testng.TestNG.runSuitesSequentially(TestNG.java:1274) [testng-7.11.0.jar:7.11.0]
	at org.testng.TestNG.runSuitesLocally(TestNG.java:1208) [testng-7.11.0.jar:7.11.0]
	at org.testng.TestNG.runSuites(TestNG.java:1112) [testng-7.11.0.jar:7.11.0]
	at org.testng.TestNG.run(TestNG.java:1079) [testng-7.11.0.jar:7.11.0]
	at org.apache.maven.surefire.testng.TestNGExecutor.run(TestNGExecutor.java:308) [surefire-testng-3.5.3.jar:3.5.3]
	at org.apache.maven.surefire.testng.TestNGXmlTestSuite.execute(TestNGXmlTestSuite.java:71) [surefire-testng-3.5.3.jar:3.5.3]
	at org.apache.maven.surefire.testng.TestNGProvider.invoke(TestNGProvider.java:113) [surefire-testng-3.5.3.jar:3.5.3]
	at org.apache.maven.surefire.booter.ForkedBooter.runSuitesInProcess(ForkedBooter.java:385) [surefire-booter-3.5.3.jar:3.5.3]
	at org.apache.maven.surefire.booter.ForkedBooter.execute(ForkedBooter.java:162) [surefire-booter-3.5.3.jar:3.5.3]
	at org.apache.maven.surefire.booter.ForkedBooter.run(ForkedBooter.java:507) [surefire-booter-3.5.3.jar:3.5.3]
	at org.apache.maven.surefire.booter.ForkedBooter.main(ForkedBooter.java:495) [surefire-booter-3.5.3.jar:3.5.3]
2026-06-06 18:36:23 [main] INFO  tests.ExcelDrivenRunner - Executing Scenario : TS-LGOUT-005
Visibility timeout. Attempt: 1
Visibility timeout. Attempt: 2
Visibility timeout. Attempt: 3
2026-06-06 18:37:10 [main] ERROR tests.ExcelDrivenRunner - TS-LGOUT-005 FAILED
java.lang.RuntimeException: Element not visible after 3 retries.
	at utils.WaitUtil.waitForVisibility(WaitUtil.java:80) ~[test-classes/:?]
	at utils.ElementActions.type(ElementActions.java:66) ~[test-classes/:?]
	at pages.LoginPage.enterUsername(LoginPage.java:43) ~[test-classes/:?]
	at pages.LoginPage.login(LoginPage.java:67) ~[test-classes/:?]
	at executor.BaseExecutor.login(BaseExecutor.java:35) ~[test-classes/:?]
	at executor.LogoutExecutor.executeLogout(LogoutExecutor.java:30) ~[test-classes/:?]
	at executor.LogoutExecutor.execute(LogoutExecutor.java:21) ~[test-classes/:?]
	at executor.ScenarioExecutor.execute(ScenarioExecutor.java:39) ~[test-classes/:?]
	at tests.ExcelDrivenRunner.executeScenariosFromExcel(ExcelDrivenRunner.java:65) [test-classes/:?]
	at java.base/jdk.internal.reflect.DirectMethodHandleAccessor.invoke(DirectMethodHandleAccessor.java:104) ~[?:?]
	at java.base/java.lang.reflect.Method.invoke(Method.java:565) ~[?:?]
	at org.testng.internal.invokers.MethodInvocationHelper.invokeMethod(MethodInvocationHelper.java:141) [testng-7.11.0.jar:7.11.0]
	at org.testng.internal.invokers.TestInvoker.invokeMethod(TestInvoker.java:687) [testng-7.11.0.jar:7.11.0]
	at org.testng.internal.invokers.TestInvoker.retryFailed(TestInvoker.java:269) [testng-7.11.0.jar:7.11.0]
	at org.testng.internal.invokers.MethodRunner.runInSequence(MethodRunner.java:76) [testng-7.11.0.jar:7.11.0]
	at org.testng.internal.invokers.TestInvoker$MethodInvocationAgent.invoke(TestInvoker.java:995) [testng-7.11.0.jar:7.11.0]
	at org.testng.internal.invokers.TestInvoker.invokeTestMethods(TestInvoker.java:203) [testng-7.11.0.jar:7.11.0]
	at org.testng.internal.invokers.TestMethodWorker.invokeTestMethods(TestMethodWorker.java:154) [testng-7.11.0.jar:7.11.0]
	at org.testng.internal.invokers.TestMethodWorker.run(TestMethodWorker.java:134) [testng-7.11.0.jar:7.11.0]
	at java.base/java.util.ArrayList.forEach(ArrayList.java:1604) [?:?]
	at org.testng.TestRunner.privateRun(TestRunner.java:741) [testng-7.11.0.jar:7.11.0]
	at org.testng.TestRunner.run(TestRunner.java:616) [testng-7.11.0.jar:7.11.0]
	at org.testng.SuiteRunner.runTest(SuiteRunner.java:421) [testng-7.11.0.jar:7.11.0]
	at org.testng.SuiteRunner.runSequentially(SuiteRunner.java:413) [testng-7.11.0.jar:7.11.0]
	at org.testng.SuiteRunner.privateRun(SuiteRunner.java:373) [testng-7.11.0.jar:7.11.0]
	at org.testng.SuiteRunner.run(SuiteRunner.java:312) [testng-7.11.0.jar:7.11.0]
	at org.testng.SuiteRunnerWorker.runSuite(SuiteRunnerWorker.java:52) [testng-7.11.0.jar:7.11.0]
	at org.testng.SuiteRunnerWorker.run(SuiteRunnerWorker.java:95) [testng-7.11.0.jar:7.11.0]
	at org.testng.TestNG.runSuitesSequentially(TestNG.java:1274) [testng-7.11.0.jar:7.11.0]
	at org.testng.TestNG.runSuitesLocally(TestNG.java:1208) [testng-7.11.0.jar:7.11.0]
	at org.testng.TestNG.runSuites(TestNG.java:1112) [testng-7.11.0.jar:7.11.0]
	at org.testng.TestNG.run(TestNG.java:1079) [testng-7.11.0.jar:7.11.0]
	at org.apache.maven.surefire.testng.TestNGExecutor.run(TestNGExecutor.java:308) [surefire-testng-3.5.3.jar:3.5.3]
	at org.apache.maven.surefire.testng.TestNGXmlTestSuite.execute(TestNGXmlTestSuite.java:71) [surefire-testng-3.5.3.jar:3.5.3]
	at org.apache.maven.surefire.testng.TestNGProvider.invoke(TestNGProvider.java:113) [surefire-testng-3.5.3.jar:3.5.3]
	at org.apache.maven.surefire.booter.ForkedBooter.runSuitesInProcess(ForkedBooter.java:385) [surefire-booter-3.5.3.jar:3.5.3]
	at org.apache.maven.surefire.booter.ForkedBooter.execute(ForkedBooter.java:162) [surefire-booter-3.5.3.jar:3.5.3]
	at org.apache.maven.surefire.booter.ForkedBooter.run(ForkedBooter.java:507) [surefire-booter-3.5.3.jar:3.5.3]
	at org.apache.maven.surefire.booter.ForkedBooter.main(ForkedBooter.java:495) [surefire-booter-3.5.3.jar:3.5.3]
2026-06-06 18:37:10 [main] INFO  tests.ExcelDrivenRunner - 
2026-06-06 18:37:10 [main] INFO  tests.ExcelDrivenRunner - ========================================
2026-06-06 18:37:10 [main] INFO  tests.ExcelDrivenRunner - EXCEL EXECUTION SUMMARY
2026-06-06 18:37:10 [main] INFO  tests.ExcelDrivenRunner - ========================================
2026-06-06 18:37:10 [main] INFO  tests.ExcelDrivenRunner - Workbook Scenarios      : 40
2026-06-06 18:37:10 [main] INFO  tests.ExcelDrivenRunner - Selected By Priority    : 40
2026-06-06 18:37:10 [main] INFO  tests.ExcelDrivenRunner - Automated Mapped        : 40
2026-06-06 18:37:10 [main] INFO  tests.ExcelDrivenRunner - Not Implemented         : 0
2026-06-06 18:37:10 [main] INFO  tests.ExcelDrivenRunner - Passed                  : 2
2026-06-06 18:37:10 [main] INFO  tests.ExcelDrivenRunner - Failed                  : 38
2026-06-06 18:37:10 [main] INFO  tests.ExcelDrivenRunner - Execution Time (sec)    : 1805
2026-06-06 18:37:10 [main] INFO  tests.ExcelDrivenRunner - Coverage (Selected)     : 100.00%
2026-06-06 18:37:10 [main] INFO  tests.ExcelDrivenRunner - Coverage (Workbook)     : 100.00%
2026-06-06 18:37:10 [main] INFO  tests.ExcelDrivenRunner - ========================================
2026-06-06 18:37:10 [main] INFO  tests.ExcelDrivenRunner - 
2026-06-06 18:37:10 [main] INFO  tests.ExcelDrivenRunner - ========================================
2026-06-06 18:37:10 [main] INFO  tests.ExcelDrivenRunner - PASSED SCENARIOS
2026-06-06 18:37:10 [main] INFO  tests.ExcelDrivenRunner - ========================================
2026-06-06 18:37:10 [main] INFO  tests.ExcelDrivenRunner - TS-LOGIN-001
2026-06-06 18:37:10 [main] INFO  tests.ExcelDrivenRunner - TS-ADMIN-005
2026-06-06 18:37:10 [main] INFO  tests.ExcelDrivenRunner - 
2026-06-06 18:37:10 [main] INFO  tests.ExcelDrivenRunner - ========================================
2026-06-06 18:37:10 [main] INFO  tests.ExcelDrivenRunner - FAILED SCENARIOS
2026-06-06 18:37:10 [main] INFO  tests.ExcelDrivenRunner - ========================================
2026-06-06 18:37:10 [main] INFO  tests.ExcelDrivenRunner - TS-LOGIN-002
2026-06-06 18:37:10 [main] INFO  tests.ExcelDrivenRunner - TS-LOGIN-003
2026-06-06 18:37:10 [main] INFO  tests.ExcelDrivenRunner - TS-LOGIN-004
2026-06-06 18:37:10 [main] INFO  tests.ExcelDrivenRunner - TS-LOGIN-005
2026-06-06 18:37:10 [main] INFO  tests.ExcelDrivenRunner - TS-DASH-001
2026-06-06 18:37:10 [main] INFO  tests.ExcelDrivenRunner - TS-DASH-002
2026-06-06 18:37:10 [main] INFO  tests.ExcelDrivenRunner - TS-DASH-003
2026-06-06 18:37:10 [main] INFO  tests.ExcelDrivenRunner - TS-DASH-004
2026-06-06 18:37:10 [main] INFO  tests.ExcelDrivenRunner - TS-DASH-005
2026-06-06 18:37:10 [main] INFO  tests.ExcelDrivenRunner - TS-ADMIN-001
2026-06-06 18:37:10 [main] INFO  tests.ExcelDrivenRunner - TS-ADMIN-002
2026-06-06 18:37:10 [main] INFO  tests.ExcelDrivenRunner - TS-ADMIN-003
2026-06-06 18:37:10 [main] INFO  tests.ExcelDrivenRunner - TS-ADMIN-004
2026-06-06 18:37:10 [main] INFO  tests.ExcelDrivenRunner - TS-PIM-001
2026-06-06 18:37:10 [main] INFO  tests.ExcelDrivenRunner - TS-PIM-002
2026-06-06 18:37:10 [main] INFO  tests.ExcelDrivenRunner - TS-PIM-003
2026-06-06 18:37:10 [main] INFO  tests.ExcelDrivenRunner - TS-PIM-004
2026-06-06 18:37:10 [main] INFO  tests.ExcelDrivenRunner - TS-PIM-005
2026-06-06 18:37:10 [main] INFO  tests.ExcelDrivenRunner - TS-LEAVE-001
2026-06-06 18:37:10 [main] INFO  tests.ExcelDrivenRunner - TS-LEAVE-002
2026-06-06 18:37:10 [main] INFO  tests.ExcelDrivenRunner - TS-LEAVE-003
2026-06-06 18:37:10 [main] INFO  tests.ExcelDrivenRunner - TS-LEAVE-004
2026-06-06 18:37:10 [main] INFO  tests.ExcelDrivenRunner - TS-LEAVE-005
2026-06-06 18:37:10 [main] INFO  tests.ExcelDrivenRunner - TS-REC-001
2026-06-06 18:37:10 [main] INFO  tests.ExcelDrivenRunner - TS-REC-002
2026-06-06 18:37:10 [main] INFO  tests.ExcelDrivenRunner - TS-REC-003
2026-06-06 18:37:10 [main] INFO  tests.ExcelDrivenRunner - TS-REC-004
2026-06-06 18:37:10 [main] INFO  tests.ExcelDrivenRunner - TS-REC-005
2026-06-06 18:37:10 [main] INFO  tests.ExcelDrivenRunner - TS-DIR-001
2026-06-06 18:37:10 [main] INFO  tests.ExcelDrivenRunner - TS-DIR-002
2026-06-06 18:37:10 [main] INFO  tests.ExcelDrivenRunner - TS-DIR-003
2026-06-06 18:37:10 [main] INFO  tests.ExcelDrivenRunner - TS-DIR-004
2026-06-06 18:37:10 [main] INFO  tests.ExcelDrivenRunner - TS-DIR-005
2026-06-06 18:37:10 [main] INFO  tests.ExcelDrivenRunner - TS-LGOUT-001
2026-06-06 18:37:10 [main] INFO  tests.ExcelDrivenRunner - TS-LGOUT-002
2026-06-06 18:37:10 [main] INFO  tests.ExcelDrivenRunner - TS-LGOUT-003
2026-06-06 18:37:10 [main] INFO  tests.ExcelDrivenRunner - TS-LGOUT-004
2026-06-06 18:37:10 [main] INFO  tests.ExcelDrivenRunner - TS-LGOUT-005
2026-06-06 18:37:10 [main] INFO  tests.ExcelDrivenRunner - 
2026-06-06 18:37:10 [main] INFO  tests.ExcelDrivenRunner - ========================================
2026-06-06 18:37:10 [main] INFO  tests.ExcelDrivenRunner - NOT IMPLEMENTED SCENARIOS
2026-06-06 18:37:10 [main] INFO  tests.ExcelDrivenRunner - ========================================
2026-06-06 18:37:10 [main] INFO  tests.ExcelDrivenRunner - None
]]></system-out>
    <system-err><![CDATA[Jun 06, 2026 6:07:02 PM org.openqa.selenium.devtools.CdpVersionFinder findNearestMatch
WARNING: Unable to find CDP implementation matching 148
Jun 06, 2026 6:07:02 PM org.openqa.selenium.chromium.ChromiumDriver lambda$new$4
WARNING: Unable to find version of CDP to use for 148.0.7778.217. You may need to include a dependency on a specific version of the CDP using something similar to `org.seleniumhq.selenium:selenium-devtools-v86:4.35.0` where the version ("v86") matches the version of the chromium-based browser you're using and the version number of the artifact is the same as Selenium's.
]]></system-err>
  </testcase>
</testsuite>