<?xml version="1.0" encoding="UTF-8"?>
<testng-results ignored="0" total="1" passed="1" failed="0" skipped="0">
  <reporter-output>
  </reporter-output>
  <suite started-at="2026-06-07T12:25:02 IST" name="OrangeHRM Automation Suite" finished-at="2026-06-07T12:25:16 IST" duration-ms="13338">
    <groups>
    </groups>
    <test started-at="2026-06-07T12:25:02 IST" name="OrangeHRM Tests" finished-at="2026-06-07T12:25:16 IST" duration-ms="13338">
      <class name="tests.ExcelDrivenRunner">
        <test-method is-config="true" signature="setUp()[pri:0, instance:tests.ExcelDrivenRunner@3e10dc6]" started-at="2026-06-07T12:25:02 IST" name="setUp" finished-at="2026-06-07T12:25:06 IST" duration-ms="3794" status="PASS">
          <reporter-output>
          </reporter-output>
        </test-method> <!-- setUp -->
        <test-method signature="executeScenariosFromExcel()[pri:0, instance:tests.ExcelDrivenRunner@3e10dc6]" started-at="2026-06-07T12:25:06 IST" name="executeScenariosFromExcel" finished-at="2026-06-07T12:25:15 IST" duration-ms="9303" status="PASS">
          <reporter-output>
          </reporter-output>
        </test-method> <!-- executeScenariosFromExcel -->
        <test-method is-config="true" signature="tearDown()[pri:0, instance:tests.ExcelDrivenRunner@3e10dc6]" started-at="2026-06-07T12:25:15 IST" name="tearDown" finished-at="2026-06-07T12:25:16 IST" duration-ms="203" status="PASS">
          <reporter-output>
          </reporter-output>
        </test-method> <!-- tearDown -->
      </class> <!-- tests.ExcelDrivenRunner -->
    </test> <!-- OrangeHRM Tests -->
  </suite> <!-- OrangeHRM Automation Suite -->
</testng-results>
