<?xml version="1.0" encoding="UTF-8"?>
<testsuite xmlns:xsi="http://www.w3.org/2001/XMLSchema-instance" xsi:noNamespaceSchemaLocation="https://maven.apache.org/surefire/maven-surefire-plugin/xsd/surefire-test-report.xsd" version="3.0.2" name="TestSuite" time="14.56" tests="1" errors="0" skipped="0" failures="0">
  <properties>
[...]
</properties>
  <testcase name="executeScenariosFromExcel" classname="tests.ExcelDrivenRunner" time="9.3">
    <system-out><![CDATA[2026-06-07 12:25:02 [main] INFO  tests.ExcelDrivenRunner - =========================================
2026-06-07 12:25:02 [main] INFO  tests.ExcelDrivenRunner - Starting Test Execution
2026-06-07 12:25:02 [main] INFO  tests.ExcelDrivenRunner - Browser : chrome
2026-06-07 12:25:02 [main] INFO  tests.ExcelDrivenRunner - Framework Mode : excel
2026-06-07 12:25:06 [main] INFO  tests.ExcelDrivenRunner - Application URL Loaded : https://opensource-demo.orangehrmlive.com/web/index.php/auth/login
2026-06-07 12:25:06 [main] INFO  tests.ExcelDrivenRunner - Execution Priority : 
2026-06-07 12:25:06 [main] INFO  tests.ExcelDrivenRunner - =========================================
2026-06-07 12:25:07 [main] INFO  tests.ExcelDrivenRunner - ========================================
2026-06-07 12:25:07 [main] INFO  tests.ExcelDrivenRunner - STARTING EXCEL EXECUTION
2026-06-07 12:25:07 [main] INFO  tests.ExcelDrivenRunner - ========================================
2026-06-07 12:25:07 [main] INFO  tests.ExcelDrivenRunner - Executable Scenarios : 1
2026-06-07 12:25:07 [main] INFO  tests.ExcelDrivenRunner - Executing Scenario : TS-LGOUT-005
2026-06-07 12:25:15 [main] INFO  tests.ExcelDrivenRunner - TS-LGOUT-005 PASSED
2026-06-07 12:25:15 [main] INFO  tests.ExcelDrivenRunner - 
2026-06-07 12:25:15 [main] INFO  tests.ExcelDrivenRunner - ========================================
2026-06-07 12:25:15 [main] INFO  tests.ExcelDrivenRunner - EXCEL EXECUTION SUMMARY
2026-06-07 12:25:15 [main] INFO  tests.ExcelDrivenRunner - ========================================
2026-06-07 12:25:15 [main] INFO  tests.ExcelDrivenRunner - Workbook Scenarios      : 40
2026-06-07 12:25:15 [main] INFO  tests.ExcelDrivenRunner - Selected By Priority    : 1
2026-06-07 12:25:15 [main] INFO  tests.ExcelDrivenRunner - Automated Mapped        : 1
2026-06-07 12:25:15 [main] INFO  tests.ExcelDrivenRunner - Not Implemented         : 0
2026-06-07 12:25:15 [main] INFO  tests.ExcelDrivenRunner - Passed                  : 1
2026-06-07 12:25:15 [main] INFO  tests.ExcelDrivenRunner - Failed                  : 0
2026-06-07 12:25:15 [main] INFO  tests.ExcelDrivenRunner - Execution Time (sec)    : 9
2026-06-07 12:25:15 [main] INFO  tests.ExcelDrivenRunner - Coverage (Selected)     : 100.00%
2026-06-07 12:25:15 [main] INFO  tests.ExcelDrivenRunner - Coverage (Workbook)     : 2.50%
2026-06-07 12:25:15 [main] INFO  tests.ExcelDrivenRunner - ========================================
2026-06-07 12:25:15 [main] INFO  tests.ExcelDrivenRunner - 
2026-06-07 12:25:15 [main] INFO  tests.ExcelDrivenRunner - ========================================
2026-06-07 12:25:15 [main] INFO  tests.ExcelDrivenRunner - PASSED SCENARIOS
2026-06-07 12:25:15 [main] INFO  tests.ExcelDrivenRunner - ========================================
2026-06-07 12:25:15 [main] INFO  tests.ExcelDrivenRunner - TS-LGOUT-005
2026-06-07 12:25:15 [main] INFO  tests.ExcelDrivenRunner - 
2026-06-07 12:25:15 [main] INFO  tests.ExcelDrivenRunner - ========================================
2026-06-07 12:25:15 [main] INFO  tests.ExcelDrivenRunner - FAILED SCENARIOS
2026-06-07 12:25:15 [main] INFO  tests.ExcelDrivenRunner - ========================================
2026-06-07 12:25:15 [main] INFO  tests.ExcelDrivenRunner - None
2026-06-07 12:25:15 [main] INFO  tests.ExcelDrivenRunner - 
2026-06-07 12:25:15 [main] INFO  tests.ExcelDrivenRunner - ========================================
2026-06-07 12:25:15 [main] INFO  tests.ExcelDrivenRunner - NOT IMPLEMENTED SCENARIOS
2026-06-07 12:25:15 [main] INFO  tests.ExcelDrivenRunner - ========================================
2026-06-07 12:25:15 [main] INFO  tests.ExcelDrivenRunner - None
]]></system-out>
    <system-err><![CDATA[SLF4J(W): No SLF4J providers were found.
SLF4J(W): Defaulting to no-operation (NOP) logger implementation
SLF4J(W): See https://www.slf4j.org/codes.html#noProviders for further details.
Jun 07, 2026 12:25:04 PM org.openqa.selenium.devtools.CdpVersionFinder findNearestMatch
WARNING: Unable to find CDP implementation matching 148
Jun 07, 2026 12:25:04 PM org.openqa.selenium.chromium.ChromiumDriver lambda$new$4
WARNING: Unable to find version of CDP to use for 148.0.7778.217. You may need to include a dependency on a specific version of the CDP using something similar to `org.seleniumhq.selenium:selenium-devtools-v86:4.35.0` where the version ("v86") matches the version of the chromium-based browser you're using and the version number of the artifact is the same as Selenium's.
]]></system-err>
  </testcase>
</testsuite>